============================= test session starts ==============================
platform linux -- Python 3.12.12, pytest-9.0.2, pluggy-1.6.0 -- /home/jules/.pyenv/versions/3.12.12/bin/python3.12
cachedir: .pytest_cache
rootdir: /app
configfile: pytest.ini (WARNING: ignoring pytest config in pyproject.toml!)
testpaths: tests
plugins: cov-7.0.0, anyio-4.12.1
collecting ... collected 638 items

tests/test_accessory_slots.py::TestAccessorySlots::test_equip_duplicate_accessory_fails PASSED [  0%]
tests/test_accessory_slots.py::TestAccessorySlots::test_equip_first_accessory PASSED [  0%]
tests/test_accessory_slots.py::TestAccessorySlots::test_equip_loadout_multi_accessory PASSED [  0%]
tests/test_accessory_slots.py::TestAccessorySlots::test_equip_second_accessory PASSED [  0%]
tests/test_accessory_slots.py::TestAccessorySlots::test_equip_third_accessory_fails PASSED [  0%]
tests/test_accessory_slots.py::TestAccessorySlots::test_save_loadout_multi_accessory PASSED [  0%]
tests/test_achievement_logic.py::TestAchievementLogic::test_check_combat_achievements_rogue_no_damage PASSED [  1%]
tests/test_achievement_logic.py::TestAchievementLogic::test_check_combat_achievements_took_damage PASSED [  1%]
tests/test_achievement_logic.py::TestAchievementLogic::test_check_combat_achievements_wrong_class PASSED [  1%]
tests/test_achievement_logic.py::TestAchievementLogic::test_check_kill_achievements_already_have PASSED [  1%]
tests/test_achievement_logic.py::TestAchievementLogic::test_check_kill_achievements_normal_success PASSED [  1%]
tests/test_achievement_logic.py::TestAchievementLogic::test_check_quest_achievements_success PASSED [  1%]
tests/test_adventure_day_night.py::TestAdventureDayNight::test_day_no_ambush PASSED [  2%]
tests/test_adventure_day_night.py::TestAdventureDayNight::test_night_ambush_trigger PASSED [  2%]
tests/test_adventure_day_night.py::TestAdventureDayNight::test_night_no_ambush PASSED [  2%]
tests/test_adventure_day_night.py::TestAdventureDayNight::test_regen_threshold_day PASSED [  2%]
tests/test_adventure_day_night.py::TestAdventureDayNight::test_regen_threshold_night PASSED [  2%]
tests/test_adventure_death_penalty.py::TestAdventureDeathPenalty::test_death_penalty_calculation PASSED [  2%]
tests/test_adventure_embeds.py::TestAdventureEmbeds::test_combat_footer PASSED [  2%]
tests/test_adventure_embeds.py::TestAdventureEmbeds::test_exploration_footer PASSED [  3%]
tests/test_adventure_fatigue.py::TestAdventureFatigue::test_calculate_fatigue_multiplier PASSED [  3%]
tests/test_adventure_fatigue.py::TestAdventureFatigue::test_combat_engine_applies_multiplier PASSED [  3%]
tests/test_adventure_race.py::TestExplorationViewRace::test_race_condition_double_click PASSED [  3%]
tests/test_adventure_resolution.py::test_resolution_success PASSED       [  3%]
tests/test_adventure_resolution.py::test_resolution_death PASSED         [  3%]
tests/test_adventure_resolution.py::test_resume_session PASSED           [  4%]
tests/test_adventure_resolution.py::test_resolution_state_persistence PASSED [  4%]
tests/test_adventure_retreat_exploit.py::TestAdventureRetreatExploit::test_retreat_exploit_reproduction PASSED [  4%]
tests/test_adventure_rewards.py::TestAdventureRewards::test_process_victory_loot_and_quests PASSED [  4%]
tests/test_adventure_rewards.py::TestAdventureRewards::test_process_victory_skill_xp PASSED [  4%]
tests/test_adventure_rewards.py::TestAdventureRewards::test_process_victory_stat_xp PASSED [  4%]
tests/test_adventure_safety.py::TestAdventureDataLoss::test_failure_stops_process PASSED [  5%]
tests/test_adventure_safety.py::TestAdventureDataLoss::test_invalid_start_adventure PASSED [  5%]
tests/test_adventure_safety.py::TestAdventureDataLoss::test_safe_reward_order PASSED [  5%]
tests/test_adventure_schema_update.py::TestAdventureSchemaUpdate::test_database_manager_methods_exist PASSED [  5%]
tests/test_adventure_schema_update.py::TestAdventureSchemaUpdate::test_start_adventure_passes_new_args PASSED [  5%]
tests/test_adventure_session_concurrency.py::TestAdventureSessionConcurrency::test_concurrent_attacks PASSED [  5%]
tests/test_adventure_session_concurrency.py::TestAdventureSessionConcurrency::test_legacy_session_update PASSED [  5%]
tests/test_adventure_status_embed.py::TestAdventureStatusEmbed::test_status_embed_completed PASSED [  6%]
tests/test_adventure_status_embed.py::TestAdventureStatusEmbed::test_status_embed_in_progress PASSED [  6%]
tests/test_adventure_supplies.py::TestAdventureSupplies::test_hardtack_fatigue PASSED [  6%]
tests/test_adventure_supplies.py::TestAdventureSupplies::test_load_supplies PASSED [  6%]
tests/test_adventure_supplies.py::TestAdventureSupplies::test_night_ambush_without_torch PASSED [  6%]
tests/test_adventure_supplies.py::TestAdventureSupplies::test_no_supplies_fatigue PASSED [  6%]
tests/test_adventure_supplies.py::TestAdventureSupplies::test_pitch_torch_ambush_reduction PASSED [  7%]
tests/test_adventure_supplies_extended.py::TestAdventureSuppliesExtended::test_auto_potion_depletion PASSED [  7%]
tests/test_adventure_supplies_extended.py::TestAdventureSuppliesExtended::test_auto_potion_usage PASSED [  7%]
tests/test_adventure_supplies_extended.py::TestAdventureSuppliesExtended::test_explorer_kit_bonus PASSED [  7%]
tests/test_adventure_supplies_extended.py::TestAdventureSuppliesExtended::test_explorer_kit_no_effect_without_supply PASSED [  7%]
tests/test_adventure_supply_deduction_rollback.py::TestAdventureSupplyDeduction::test_partial_deduction_failure PASSED [  7%]
tests/test_adventure_ux.py::TestAdventureUX::test_adventure_view_begin PASSED [  7%]
tests/test_adventure_ux.py::TestAdventureUX::test_adventure_view_resume PASSED [  8%]
tests/test_alchemist_combat.py::TestAlchemistCombatSkills::test_fulminating_compound_stun PASSED [  8%]
tests/test_alchemist_combat.py::TestAlchemistCombatSkills::test_mutagenic_serum_self_damage PASSED [  8%]
tests/test_alchemist_combat.py::TestAlchemistCombatSkills::test_vitriol_bomb_def_reduction PASSED [  8%]
tests/test_alchemist_equipment.py::test_alchemist_coat_stat_budget PASSED [  8%]
tests/test_alchemist_equipment.py::test_alchemist_coat_generation PASSED [  8%]
tests/test_alchemist_equipment.py::test_alchemist_equip_restrictions PASSED [  9%]
tests/test_alchemist_equipment.py::test_body_slot_conflict_logic PASSED  [  9%]
tests/test_alchemist_mechanics.py::TestAlchemistMechanics::test_class_data_exists PASSED [  9%]
tests/test_alchemist_mechanics.py::TestAlchemistMechanics::test_equivalent_exchange_stat_bonus PASSED [  9%]
tests/test_alchemist_mechanics.py::TestAlchemistMechanics::test_triage_healing_bonus PASSED [  9%]
tests/test_armor_slots.py::TestArmorSlots::test_body_slot_conflict PASSED [  9%]
tests/test_armor_slots.py::TestArmorSlots::test_get_slot_display_name PASSED [ 10%]
tests/test_armor_slots.py::TestArmorSlots::test_head_slot_conflict PASSED [ 10%]
tests/test_aurum_drops.py::TestAurumDrops::test_aurum_calculator_boss PASSED [ 10%]
tests/test_aurum_drops.py::TestAurumDrops::test_aurum_calculator_elite PASSED [ 10%]
tests/test_aurum_drops.py::TestAurumDrops::test_aurum_calculator_normal PASSED [ 10%]
tests/test_aurum_drops.py::TestAurumDrops::test_combat_engine_integration PASSED [ 10%]
tests/test_aurum_drops.py::TestAurumDrops::test_luck_bonus PASSED        [ 10%]
tests/test_auto_adventure_regression.py::TestAutoAdventureRegression::test_death_penalty_regression PASSED [ 11%]
tests/test_auto_adventure_regression.py::TestAutoAdventureRegression::test_fatigue_scaling_regression PASSED [ 11%]
tests/test_auto_adventure_regression.py::TestAutoAdventureRegression::test_full_adventure_lifecycle PASSED [ 11%]
tests/test_auto_adventure_regression.py::TestAutoAdventureRegression::test_multiple_supplies_effects PASSED [ 11%]
tests/test_auto_adventure_regression.py::TestAutoAdventureRegression::test_retreat_penalty_empty_loot PASSED [ 11%]
tests/test_auto_adventure_regression.py::TestAutoAdventureRegression::test_retreat_penalty_regression PASSED [ 11%]
tests/test_auto_adventure_regression.py::TestAutoAdventureRegression::test_start_adventure_requirements PASSED [ 12%]
tests/test_auto_adventure_regression.py::TestAutoAdventureRegression::test_supply_consumption_regression PASSED [ 12%]
tests/test_auto_combat_formula.py::TestAutoCombatFormula::test_calculate_monster_mitigation PASSED [ 12%]
tests/test_auto_combat_formula.py::TestAutoCombatFormula::test_calculate_player_dps PASSED [ 12%]
tests/test_auto_combat_formula.py::TestAutoCombatFormula::test_resolve_clash PASSED [ 12%]
tests/test_auto_combat_formula.py::TestAutoCombatFormula::test_stance_impact PASSED [ 12%]
tests/test_balance.py::test_monsters_balance PASSED                      [ 13%]
tests/test_balance.py::test_locations_balance PASSED                     [ 13%]
tests/test_buff_bulk_optimization.py::TestBuffBulkOptimization::test_add_active_buffs_bulk_ops_count PASSED [ 13%]
tests/test_buff_system.py::TestBuffSystem::test_buff_lifecycle PASSED    [ 13%]
tests/test_buff_system.py::TestBuffSystem::test_combat_handler_applies_buff PASSED [ 13%]
tests/test_buff_system.py::TestBuffSystem::test_combat_skills_generate_buffs PASSED [ 13%]
tests/test_buff_system.py::TestBuffSystem::test_consumable_buff_application PASSED [ 13%]
tests/test_clockwork_crafting.py::TestClockworkCrafting::test_clockwork_recipes_exist PASSED [ 14%]
tests/test_clockwork_crafting.py::TestClockworkCrafting::test_craft_clockwork_bow PASSED [ 14%]
tests/test_clockwork_halls.py::TestClockworkHalls::test_adventure_events PASSED [ 14%]
tests/test_clockwork_halls.py::TestClockworkHalls::test_emojis_exist PASSED [ 14%]
tests/test_clockwork_halls.py::TestClockworkHalls::test_location_exists PASSED [ 14%]
tests/test_clockwork_halls.py::TestClockworkHalls::test_materials_exist PASSED [ 14%]
tests/test_clockwork_halls.py::TestClockworkHalls::test_monsters_exist PASSED [ 15%]
tests/test_clockwork_halls.py::TestClockworkHalls::test_skills_exist PASSED [ 15%]
tests/test_codex_unlocks.py::TestCodexUnlocks::test_get_codex_duplicate_merge PASSED [ 15%]
tests/test_codex_unlocks.py::TestCodexUnlocks::test_update_codex_duplicate_entry PASSED [ 15%]
tests/test_codex_unlocks.py::TestCodexUnlocks::test_update_codex_nested_edge_case PASSED [ 15%]
tests/test_combat_actions.py::TestCombatActions::test_defend_action PASSED [ 15%]
tests/test_combat_actions.py::TestCombatActions::test_flee_failed_action PASSED [ 15%]
tests/test_combat_actions.py::TestCombatActions::test_special_ability_action PASSED [ 16%]
tests/test_combat_buff_scaling.py::TestCombatBuffScaling::test_all_stats_buff_uses_base_stats PASSED [ 16%]
tests/test_combat_buff_scaling.py::TestCombatBuffScaling::test_buff_duration_parsing PASSED [ 16%]
tests/test_combat_buff_scaling.py::TestCombatBuffScaling::test_percentage_buff_uses_base_stats PASSED [ 16%]
tests/test_combat_counter.py::TestCombatCounter::test_fail_counter_wrong_action PASSED [ 16%]
tests/test_combat_counter.py::TestCombatCounter::test_interrupt_magical_charge PASSED [ 16%]
tests/test_combat_counter.py::TestCombatCounter::test_parry_physical_charge PASSED [ 17%]
tests/test_combat_crash.py::TestCombatCrash::test_resolve_turn_db_failure PASSED [ 17%]
tests/test_combat_defense_curve.py::TestCombatDefenseCurve::test_crit_multiplier PASSED [ 17%]
tests/test_combat_defense_curve.py::TestCombatDefenseCurve::test_monster_attack_player_defense_scaling PASSED [ 17%]
tests/test_combat_defense_curve.py::TestCombatDefenseCurve::test_monster_chip_damage_floor PASSED [ 17%]
tests/test_combat_defense_curve.py::TestCombatDefenseCurve::test_player_attack_defense_reduction PASSED [ 17%]
tests/test_combat_engine.py::test_recoil_damage PASSED                   [ 18%]
tests/test_combat_engine.py::test_bloodlust_heal PASSED                  [ 18%]
tests/test_combat_engine.py::test_status_immunity PASSED                 [ 18%]
tests/test_combat_engine.py::test_negative_stat_debuff PASSED            [ 18%]
tests/test_combat_skill_selection.py::TestCombatSkillSelection::test_explicit_heal_usage PASSED [ 18%]
tests/test_combat_skill_selection.py::TestCombatSkillSelection::test_explicit_skill_usage PASSED [ 18%]
tests/test_combat_skill_selection.py::TestCombatSkillSelection::test_insufficient_mp_fallback PASSED [ 18%]
tests/test_combat_skill_selection.py::TestCombatSkillSelection::test_unknown_skill_fallback PASSED [ 19%]
tests/test_combat_special_exploit.py::TestCombatSpecialExploit::test_aimed_shot_force_crit_bug PASSED [ 19%]
tests/test_combat_stat_debuffs.py::TestCombatDebuffs::test_taunt_application PASSED [ 19%]
tests/test_consumable_logic.py::TestDualConsumableBug::test_use_dual_item_full_hp_full_mp PASSED [ 19%]
tests/test_consumable_logic.py::TestDualConsumableBug::test_use_dual_item_full_hp_missing_mp PASSED [ 19%]
tests/test_consumable_manager.py::test_triage_potency PASSED             [ 19%]
tests/test_consumable_manager.py::test_triage_potency_uncapped PASSED    [ 20%]
tests/test_consumable_manager_extended.py::TestConsumableManagerExtended::test_use_consumable_not_found PASSED [ 20%]
tests/test_consumable_manager_extended.py::TestConsumableManagerExtended::test_use_consumable_success PASSED [ 20%]
tests/test_consumable_race.py::TestConsumableRace::test_use_item_consumes_atomically PASSED [ 20%]
tests/test_consumable_race.py::TestConsumableRace::test_use_item_refunds_on_error PASSED [ 20%]
tests/test_content_expansion.py::TestContentExpansion::test_c_tier_quests_loaded PASSED [ 20%]
tests/test_content_expansion.py::TestContentExpansion::test_quest_location_references PASSED [ 21%]
tests/test_content_expansion.py::TestContentExpansion::test_quest_monster_references PASSED [ 21%]
tests/test_content_expansion.py::TestContentExpansion::test_shrouded_fen_location PASSED [ 21%]
tests/test_crafting.py::TestDatabaseEnhancements::test_get_inventory_item_count PASSED [ 21%]
tests/test_crafting.py::TestDatabaseEnhancements::test_remove_inventory_item_fail_insufficient PASSED [ 21%]
tests/test_crafting.py::TestDatabaseEnhancements::test_remove_inventory_item_success PASSED [ 21%]
tests/test_crafting.py::TestCraftingSystem::test_can_craft_success PASSED [ 21%]
tests/test_crafting.py::TestCraftingSystem::test_craft_item_success PASSED [ 22%]
tests/test_crafting.py::TestCraftingSystem::test_get_recipes PASSED      [ 22%]
tests/test_crafting_achievements.py::TestCraftingAchievements::test_check_crafting_achievements_level_10 PASSED [ 22%]
tests/test_crafting_achievements.py::TestCraftingAchievements::test_check_crafting_achievements_level_5 PASSED [ 22%]
tests/test_crafting_achievements.py::TestCraftingAchievements::test_crafting_level_up_triggers_achievement PASSED [ 22%]
tests/test_crafting_dismantle.py::TestCraftingDismantle::test_dismantle_item_equipped PASSED [ 22%]
tests/test_crafting_dismantle.py::TestCraftingDismantle::test_dismantle_item_not_equipment PASSED [ 23%]
tests/test_crafting_dismantle.py::TestCraftingDismantle::test_dismantle_item_not_found PASSED [ 23%]
tests/test_crafting_dismantle.py::TestCraftingDismantle::test_dismantle_item_success PASSED [ 23%]
tests/test_crafting_dismantle.py::TestCraftingDismantle::test_get_dismantle_rewards_fallback PASSED [ 23%]
tests/test_crafting_dismantle.py::TestCraftingDismantle::test_get_dismantle_rewards_recipe PASSED [ 23%]
tests/test_crafting_equipment.py::TestCraftingEquipment::test_craft_equipment_missing_material PASSED [ 23%]
tests/test_crafting_equipment.py::TestCraftingEquipment::test_craft_equipment_success PASSED [ 23%]
tests/test_crafting_equipment.py::TestCraftingEquipment::test_recipe_data_integrity PASSED [ 24%]
tests/test_crafting_expanded.py::TestCraftingExpanded::test_crafting_campfire_stew_success PASSED [ 24%]
tests/test_crafting_expanded.py::TestCraftingExpanded::test_crafting_insufficient_materials PASSED [ 24%]
tests/test_crafting_expanded.py::TestCraftingExpanded::test_molten_recipes_exist PASSED [ 24%]
tests/test_crafting_expanded.py::TestCraftingExpanded::test_new_recipes_exist PASSED [ 24%]
tests/test_crafting_experiment.py::TestCraftingExperiment::test_experiment_duplicate_ids PASSED [ 24%]
tests/test_crafting_experiment.py::TestCraftingExperiment::test_experiment_failure_slag PASSED [ 25%]
tests/test_crafting_experiment.py::TestCraftingExperiment::test_experiment_invalid_type PASSED [ 25%]
tests/test_crafting_experiment.py::TestCraftingExperiment::test_experiment_success PASSED [ 25%]
tests/test_crafting_proficiency.py::TestCraftingProficiency::test_xp_curve PASSED [ 25%]
tests/test_crafting_proficiency.py::TestCraftingProficiency::test_add_crafting_xp_basic PASSED [ 25%]
tests/test_crafting_proficiency.py::TestCraftingProficiency::test_add_crafting_xp_levelup PASSED [ 25%]
tests/test_crafting_proficiency.py::TestCraftingProficiency::test_add_crafting_xp_multi_levelup PASSED [ 26%]
tests/test_crafting_proficiency.py::TestCraftingProficiency::test_roll_quality_bonus PASSED [ 26%]
tests/test_crafting_quality.py::TestCraftingQuality::test_craft_item_quality_upgrade PASSED [ 26%]
tests/test_crafting_quality.py::TestCraftingQuality::test_dismantle_upgraded_item PASSED [ 26%]
tests/test_crafting_quality.py::TestCraftingQuality::test_equipment_manager_quality_scaling PASSED [ 26%]
tests/test_crafting_quality.py::TestCraftingQuality::test_roll_quality_cascade PASSED [ 26%]
tests/test_crafting_quality.py::TestCraftingQuality::test_roll_quality_no_upgrade PASSED [ 26%]
tests/test_crafting_quality.py::TestCraftingQuality::test_roll_quality_upgrade PASSED [ 27%]
tests/test_crafting_supplies.py::TestCraftingSupplies::test_crafting_hardtack PASSED [ 27%]
tests/test_crafting_supplies.py::TestCraftingSupplies::test_crafting_pitch_torch PASSED [ 27%]
tests/test_crafting_supplies.py::TestCraftingSupplies::test_new_supplies_recipes_exist PASSED [ 27%]
tests/test_crafting_ui.py::TestCraftingUI::test_category_equipment PASSED [ 27%]
tests/test_crafting_ui.py::TestCraftingUI::test_default_category_consumable PASSED [ 27%]
tests/test_create_database.py::TestCreateDatabase::test_create_tables_world_events_index PASSED [ 28%]
tests/test_damage_scaling.py::TestDamageScaling::test_dynamic_scaling_factor PASSED [ 28%]
tests/test_damage_scaling.py::TestDamageScaling::test_dynamic_scaling_stat PASSED [ 28%]
tests/test_damage_scaling.py::TestDamageScaling::test_player_heal_max_hp_logic PASSED [ 28%]
tests/test_data_validation.py::TestDataValidator::test_basic_validation PASSED [ 28%]
tests/test_data_validation.py::TestDataValidator::test_nested_dict PASSED [ 28%]
tests/test_data_validation.py::TestDataValidator::test_list_validation PASSED [ 28%]
tests/test_data_validation.py::TestDataValidator::test_tuple_validation PASSED [ 29%]
tests/test_data_validation.py::TestDataValidator::test_adventure_locations_integration PASSED [ 29%]
tests/test_data_validation.py::TestDataValidator::test_monsters_integration PASSED [ 29%]
tests/test_data_validation.py::TestDataValidator::test_consumables_integration PASSED [ 29%]
tests/test_data_validation.py::TestDataValidator::test_equipments_integration PASSED [ 29%]
tests/test_database.py::TestDatabaseManager::test_add_inventory_item PASSED [ 29%]
tests/test_database.py::TestDatabaseManager::test_add_inventory_item_stacking PASSED [ 30%]
tests/test_database.py::TestDatabaseManager::test_create_player PASSED   [ 30%]
tests/test_database.py::TestDatabaseManager::test_deduct_aurum PASSED    [ 30%]
tests/test_database.py::TestDatabaseManager::test_get_codex_default PASSED [ 30%]
tests/test_database.py::TestDatabaseManager::test_get_player PASSED      [ 30%]
tests/test_database.py::TestDatabaseManager::test_get_profile_bundle PASSED [ 30%]
tests/test_database.py::TestDatabaseManager::test_update_codex_and_get PASSED [ 31%]
tests/test_database.py::TestDatabaseManager::test_update_player_mixed PASSED [ 31%]
tests/test_database.py::TestDatabaseManager::test_update_player_stats PASSED [ 31%]
tests/test_database_aggregation.py::TestDatabaseAggregation::test_get_combat_context_bundle_query_count PASSED [ 31%]
tests/test_database_extended.py::TestDatabaseManagerExtended::test_apply_passive_regen PASSED [ 31%]
tests/test_database_extended.py::TestDatabaseManagerExtended::test_consume_item_atomic PASSED [ 31%]
tests/test_database_extended.py::TestDatabaseManagerExtended::test_create_tournament PASSED [ 31%]
tests/test_database_extended.py::TestDatabaseManagerExtended::test_end_adventure_session PASSED [ 32%]
tests/test_database_extended.py::TestDatabaseManagerExtended::test_get_active_tournament_caching PASSED [ 32%]
tests/test_database_extended.py::TestDatabaseManagerExtended::test_get_equipment_sets PASSED [ 32%]
tests/test_database_extended.py::TestDatabaseManagerExtended::test_get_player_skills PASSED [ 32%]
tests/test_database_extended.py::TestDatabaseManagerExtended::test_insert_adventure_session PASSED [ 32%]
tests/test_database_extended.py::TestDatabaseManagerExtended::test_learn_skill_insufficient_vestige PASSED [ 32%]
tests/test_database_extended.py::TestDatabaseManagerExtended::test_learn_skill_success PASSED [ 33%]
tests/test_database_extended.py::TestDatabaseManagerExtended::test_remove_inventory_item PASSED [ 33%]
tests/test_database_extended.py::TestDatabaseManagerExtended::test_save_equipment_set PASSED [ 33%]
tests/test_database_extended.py::TestDatabaseManagerExtended::test_set_player_faction PASSED [ 33%]
tests/test_database_extended.py::TestDatabaseManagerExtended::test_update_adventure_session_optimistic PASSED [ 33%]
tests/test_database_extended.py::TestDatabaseManagerExtended::test_update_faction_reputation PASSED [ 33%]
tests/test_database_extended.py::TestDatabaseManagerExtended::test_update_player_vitals_delta PASSED [ 34%]
tests/test_database_extended.py::TestDatabaseManagerExtended::test_update_tournament_score PASSED [ 34%]
tests/test_database_extended.py::TestDatabaseManagerExtended::test_upgrade_skill_success PASSED [ 34%]
tests/test_database_extended.py::TestDatabaseManagerExtended::test_world_event_lifecycle PASSED [ 34%]
tests/test_database_optimization.py::TestDatabaseOptimization::test_get_combat_context_bundle_optimization PASSED [ 34%]
tests/test_database_optimization.py::TestDatabaseOptimization::test_get_combat_skills_optimization PASSED [ 34%]
tests/test_database_optimization.py::TestDatabaseOptimization::test_get_player_skills_optimization PASSED [ 34%]
tests/test_day_night.py::TestDayNightCycle::test_day_encounter PASSED    [ 35%]
tests/test_day_night.py::TestDayNightCycle::test_night_encounter PASSED  [ 35%]
tests/test_day_night.py::TestDayNightCycle::test_night_encounter_fallback PASSED [ 35%]
tests/test_db_buffs.py::TestDBBuffs::test_add_active_buff_replaces_existing PASSED [ 35%]
tests/test_db_purchase.py::TestShopTransactionFailure::test_purchase_item_refunds_on_inventory_failure PASSED [ 35%]
tests/test_db_titles.py::TestDatabaseTitles::test_add_title PASSED       [ 35%]
tests/test_db_titles.py::TestDatabaseTitles::test_get_active_title PASSED [ 36%]
tests/test_db_titles.py::TestDatabaseTitles::test_get_titles PASSED      [ 36%]
tests/test_db_titles.py::TestDatabaseTitles::test_get_titles_none PASSED [ 36%]
tests/test_db_titles.py::TestDatabaseTitles::test_set_active_title_fail_ownership PASSED [ 36%]
tests/test_db_titles.py::TestDatabaseTitles::test_set_active_title_none PASSED [ 36%]
tests/test_db_titles.py::TestDatabaseTitles::test_set_active_title_success PASSED [ 36%]
tests/test_depthswarden_content.py::TestDepthsWardenContent::test_monster_skills PASSED [ 36%]
tests/test_depthswarden_content.py::TestDepthsWardenContent::test_new_materials_exist PASSED [ 37%]
tests/test_depthswarden_content.py::TestDepthsWardenContent::test_new_monsters_exist PASSED [ 37%]
tests/test_depthswarden_content.py::TestDepthsWardenContent::test_void_sanctum_exists PASSED [ 37%]
tests/test_developer_cog.py::TestDeveloperCog::test_dev_panel_no_character PASSED [ 37%]
tests/test_developer_cog.py::TestDeveloperCog::test_dev_panel_not_owner PASSED [ 37%]
tests/test_developer_cog.py::TestDeveloperCog::test_dev_panel_success PASSED [ 37%]
tests/test_developer_cog.py::TestDeveloperCog::test_view_buttons PASSED  [ 38%]
tests/test_developer_cog.py::TestDeveloperCog::test_view_interaction_check_fail PASSED [ 38%]
tests/test_developer_cog.py::TestDeveloperCog::test_view_interaction_check_success PASSED [ 38%]
tests/test_dos_prevention.py::TestDoSPrevention::test_huge_payload_stance_rejected PASSED [ 38%]
tests/test_echoes_of_the_deep_event.py::TestEchoesOfTheDeepEvent::test_loot_bonus_in_wailing_chasm PASSED [ 38%]
tests/test_echoes_of_the_deep_event.py::TestEchoesOfTheDeepEvent::test_loot_bonus_not_applied_elsewhere PASSED [ 38%]
tests/test_echoes_of_the_deep_event.py::TestEchoesOfTheDeepEvent::test_threat_reduction_in_wailing_chasm PASSED [ 39%]
tests/test_echoes_of_the_deep_event.py::TestEchoesOfTheDeepEvent::test_threat_reduction_not_applied_elsewhere PASSED [ 39%]
tests/test_elemental_surge_event.py::TestElementalSurgeEvent::test_elemental_surge_drops_mote PASSED [ 39%]
tests/test_elemental_surge_event.py::TestElementalSurgeEvent::test_no_event_no_mote PASSED [ 39%]
tests/test_equipment_manager_extended.py::TestEquipmentManagerExtended::test_equip_item_success PASSED [ 39%]
tests/test_equipment_manager_extended.py::TestEquipmentManagerExtended::test_unequip_item PASSED [ 39%]
tests/test_equipment_race.py::TestEquipmentRaceMock::test_race_condition PASSED [ 39%]
tests/test_equipment_restrictions.py::TestEquipmentRestrictions::test_check_requirements_level PASSED [ 40%]
tests/test_equipment_restrictions.py::TestEquipmentRestrictions::test_check_requirements_rank PASSED [ 40%]
tests/test_equipment_restrictions.py::TestEquipmentRestrictions::test_equip_item_restriction PASSED [ 40%]
tests/test_equipment_restrictions.py::TestEquipmentRestrictions::test_inventory_view_ui_logic PASSED [ 40%]
tests/test_equipment_robustness.py::test_recalculate_robustness PASSED   [ 40%]
tests/test_equipment_robustness.py::test_recalculate_missing_item PASSED [ 40%]
tests/test_equipment_sets.py::TestEquipmentSets::test_delete_loadout PASSED [ 41%]
tests/test_equipment_sets.py::TestEquipmentSets::test_equip_loadout_missing_item PASSED [ 41%]
tests/test_equipment_sets.py::TestEquipmentSets::test_equip_loadout_success PASSED [ 41%]
tests/test_equipment_sets.py::TestEquipmentSets::test_save_loadout_empty_fail PASSED [ 41%]
tests/test_equipment_sets.py::TestEquipmentSets::test_save_loadout_success PASSED [ 41%]
tests/test_equipment_slots.py::TestEquipmentSlots::test_orb_unequips_staff PASSED [ 41%]
tests/test_equipment_slots.py::TestEquipmentSlots::test_staff_unequips_wand_and_orb PASSED [ 42%]
tests/test_equipment_slots.py::TestEquipmentSlots::test_wand_and_orb_coexist PASSED [ 42%]
tests/test_equipment_slots.py::TestEquipmentSlots::test_wand_unequips_staff PASSED [ 42%]
tests/test_equipment_stack_split.py::TestStackEquipBug::test_equip_stack_bug PASSED [ 42%]
tests/test_event_cog.py::TestEventCog::test_admin_end PASSED             [ 42%]
tests/test_event_cog.py::TestEventCog::test_admin_start_invalid PASSED   [ 42%]
tests/test_event_cog.py::TestEventCog::test_admin_start_success PASSED   [ 42%]
tests/test_event_cog.py::TestEventCog::test_announce PASSED              [ 43%]
tests/test_event_cog.py::TestEventCog::test_check_event_cycle_harvest_festival PASSED [ 43%]
tests/test_event_cog.py::TestEventCog::test_check_event_cycle_mystic_merchant PASSED [ 43%]
tests/test_event_cog.py::TestEventCog::test_event_status_active PASSED   [ 43%]
tests/test_event_cog.py::TestEventCog::test_event_status_no_active PASSED [ 43%]
tests/test_event_frostfall.py::test_event_config PASSED                  [ 43%]
tests/test_event_frostfall.py::test_adventure_session_threat_reduction PASSED [ 44%]
tests/test_event_frostfall.py::test_adventure_session_no_reduction_elsewhere PASSED [ 44%]
tests/test_event_frostfall.py::test_adventure_rewards_loot_bonus PASSED  [ 44%]
tests/test_event_frostfall.py::test_adventure_rewards_no_bonus_elsewhere PASSED [ 44%]
tests/test_event_scheduling_logic.py::TestEventScheduling::test_mystic_merchant_does_not_start_on_fail PASSED [ 44%]
tests/test_event_scheduling_logic.py::TestEventScheduling::test_mystic_merchant_starts_on_roll PASSED [ 44%]
tests/test_event_scheduling_logic.py::TestEventScheduling::test_no_event_start_if_active PASSED [ 44%]
tests/test_event_scheduling_logic.py::TestEventScheduling::test_time_quake_starts_on_roll PASSED [ 45%]
tests/test_exploration_achievements.py::TestExplorationAchievements::test_achievement_system_logic PASSED [ 45%]
tests/test_exploration_achievements.py::TestExplorationAchievements::test_end_adventure_awards_achievement PASSED [ 45%]
tests/test_exploration_events.py::TestExplorationEvents::test_ancient_shrine_event PASSED [ 45%]
tests/test_exploration_events.py::TestExplorationEvents::test_hidden_stash_event PASSED [ 45%]
tests/test_exploration_events.py::TestExplorationEvents::test_safe_room_event PASSED [ 45%]
tests/test_exploration_events.py::TestExplorationEvents::test_trap_event_damage PASSED [ 46%]
tests/test_exploration_events.py::TestExplorationEvents::test_trap_event_dead PASSED [ 46%]
tests/test_exploration_events.py::TestExplorationEvents::test_unknown_event PASSED [ 46%]
tests/test_exploration_feedback.py::TestExplorationFeedback::test_feedback_combat PASSED [ 46%]
tests/test_exploration_feedback.py::TestExplorationFeedback::test_feedback_exploration PASSED [ 46%]
tests/test_exploration_view_ux.py::TestExplorationViewUX::test_battle_state PASSED [ 46%]
tests/test_exploration_view_ux.py::TestExplorationViewUX::test_battle_state_with_skills PASSED [ 47%]
tests/test_exploration_view_ux.py::TestExplorationViewUX::test_forward_button_danger PASSED [ 47%]
tests/test_exploration_view_ux.py::TestExplorationViewUX::test_forward_button_safe PASSED [ 47%]
tests/test_faction_system.py::TestFactionSystem::test_add_reputation_rank_up PASSED [ 47%]
tests/test_faction_system.py::TestFactionSystem::test_add_reputation_simple PASSED [ 47%]
tests/test_faction_system.py::TestFactionSystem::test_grant_reputation_for_adventure PASSED [ 47%]
tests/test_faction_system.py::TestFactionSystem::test_grant_reputation_for_kill PASSED [ 47%]
tests/test_faction_system.py::TestFactionSystem::test_join_faction_already_member PASSED [ 48%]
tests/test_faction_system.py::TestFactionSystem::test_join_faction_invalid_id PASSED [ 48%]
tests/test_faction_system.py::TestFactionSystem::test_join_faction_success PASSED [ 48%]
tests/test_faction_system.py::TestFactionSystem::test_leave_faction PASSED [ 48%]
tests/test_field_kit_bonus.py::TestFieldKit::test_field_kit_duration_bonus PASSED [ 48%]
tests/test_floor_depth_data.py::TestFloorDepthData::test_locations_have_floor_depth_and_danger_level PASSED [ 48%]
tests/test_frostfall_event.py::TestFrostfallEvent::test_adventure_rewards_loot_bonus PASSED [ 49%]
tests/test_frostfall_event.py::TestFrostfallEvent::test_adventure_rewards_no_bonus_elsewhere PASSED [ 49%]
tests/test_frostfall_event.py::TestFrostfallEvent::test_adventure_session_no_threat_reduction_elsewhere PASSED [ 49%]
tests/test_frostfall_event.py::TestFrostfallEvent::test_adventure_session_threat_reduction PASSED [ 49%]
tests/test_frostfall_event.py::TestFrostfallEvent::test_start_frostfall_event PASSED [ 49%]
tests/test_game_systems.py::TestGameSystems::test_adventure_mp_persistence PASSED [ 49%]
tests/test_game_systems.py::TestGameSystems::test_combat_system PASSED   [ 50%]
tests/test_game_systems.py::TestGameSystems::test_damage_formulas PASSED [ 50%]
tests/test_game_systems.py::TestGameSystems::test_inventory_system PASSED [ 50%]
tests/test_game_systems.py::TestGameSystems::test_level_up_system PASSED [ 50%]
tests/test_game_systems.py::TestGameSystems::test_player_stats PASSED    [ 50%]
tests/test_game_systems.py::TestGameSystems::test_tiered_bonus_calculation PASSED [ 50%]
tests/test_grey_ward.py::TestGreyWard::test_grey_ward_exists PASSED      [ 50%]
tests/test_grey_ward.py::TestGreyWard::test_grey_ward_reputation_gain PASSED [ 51%]
tests/test_grey_ward.py::TestGreyWard::test_grey_ward_reputation_gain_non_favored PASSED [ 51%]
tests/test_grey_ward.py::TestGreyWard::test_join_grey_ward PASSED        [ 51%]
tests/test_guild_advisor.py::TestGuildAdvisor::test_generic_fallback PASSED [ 51%]
tests/test_guild_advisor.py::TestGuildAdvisor::test_low_hp_advice PASSED [ 51%]
tests/test_guild_advisor.py::TestGuildAdvisor::test_no_active_quests PASSED [ 51%]
tests/test_guild_advisor.py::TestGuildAdvisor::test_no_quests_completed PASSED [ 52%]
tests/test_guild_advisor.py::TestGuildAdvisor::test_rich_but_unarmed PASSED [ 52%]
tests/test_harvest_event.py::TestHarvestEvent::test_harvest_atmosphere PASSED [ 52%]
tests/test_harvest_event.py::TestHarvestEvent::test_harvest_event_config PASSED [ 52%]
tests/test_harvest_event.py::TestHarvestEvent::test_wild_gathering_boost PASSED [ 52%]
tests/test_harvest_event.py::TestHarvestEvent::test_wild_gathering_no_boost PASSED [ 52%]
tests/test_hp_overflow.py::TestHPOverflow::test_hp_clamp_on_unequip PASSED [ 52%]
tests/test_hp_overflow.py::TestHPOverflow::test_hp_clamp_with_buffs PASSED [ 53%]
tests/test_infirmary_exploit.py::TestInfirmaryFix::test_hp_restore_cost PASSED [ 53%]
tests/test_infirmary_exploit.py::TestInfirmaryFix::test_mp_restore_cost PASSED [ 53%]
tests/test_infirmary_fallback.py::TestInfirmaryFallbackExploit::test_fallback_vulnerability PASSED [ 53%]
tests/test_infirmary_logic.py::TestInfirmaryLogic::test_calculate_heal_cost_hp_only PASSED [ 53%]
tests/test_infirmary_logic.py::TestInfirmaryLogic::test_calculate_heal_cost_minimum_nonzero PASSED [ 53%]
tests/test_infirmary_logic.py::TestInfirmaryLogic::test_calculate_heal_cost_mixed PASSED [ 54%]
tests/test_infirmary_logic.py::TestInfirmaryLogic::test_calculate_heal_cost_mp_only PASSED [ 54%]
tests/test_infirmary_logic.py::TestInfirmaryLogic::test_calculate_heal_cost_negative_missing PASSED [ 54%]
tests/test_infirmary_logic.py::TestInfirmaryLogic::test_calculate_heal_cost_zero_missing PASSED [ 54%]
tests/test_infirmary_race.py::TestInfirmaryRace::test_execute_heal_handles_race_condition PASSED [ 54%]
tests/test_infirmary_race.py::TestInfirmaryRace::test_execute_heal_uses_atomic_inc PASSED [ 54%]
tests/test_infirmary_security.py::TestInfirmaryStateIssue::test_stale_stats_healing PASSED [ 55%]
tests/test_inventory_capacity.py::TestInventoryCapacity::test_capacity_scaling PASSED [ 55%]
tests/test_inventory_capacity.py::TestInventoryCapacity::test_db_integration PASSED [ 55%]
tests/test_inventory_filtering.py::TestInventoryFiltering::test_filter_all PASSED [ 55%]
tests/test_inventory_filtering.py::TestInventoryFiltering::test_filter_consumables PASSED [ 55%]
tests/test_inventory_filtering.py::TestInventoryFiltering::test_filter_weapons PASSED [ 55%]
tests/test_inventory_filtering.py::TestInventoryFiltering::test_greyed_out_logic_persists PASSED [ 55%]
tests/test_inventory_manager_extended.py::TestInventoryManagerExtended::test_add_item PASSED [ 56%]
tests/test_inventory_manager_extended.py::TestInventoryManagerExtended::test_get_player_inventory PASSED [ 56%]
tests/test_inventory_scaling.py::TestInventoryScaling::test_max_inventory_slots_base PASSED [ 56%]
tests/test_inventory_scaling.py::TestInventoryScaling::test_max_inventory_slots_caching PASSED [ 56%]
tests/test_inventory_scaling.py::TestInventoryScaling::test_max_inventory_slots_high_dex PASSED [ 56%]
tests/test_inventory_scaling.py::TestInventoryScaling::test_max_inventory_slots_high_str PASSED [ 56%]
tests/test_inventory_scaling.py::TestInventoryScaling::test_max_inventory_slots_mixed PASSED [ 57%]
tests/test_item_manager.py::TestItemManager::test_format_consumable_effect_json PASSED [ 57%]
tests/test_item_manager.py::TestItemManager::test_format_consumable_effect_plain PASSED [ 57%]
tests/test_item_manager.py::TestItemManager::test_generate_monster_loot_fail_roll PASSED [ 57%]
tests/test_item_manager.py::TestItemManager::test_generate_monster_loot_success PASSED [ 57%]
tests/test_item_manager.py::TestItemManager::test_get_equipment_by_id PASSED [ 57%]
tests/test_item_manager.py::TestItemManager::test_get_equipment_stats_invalid_id PASSED [ 57%]
tests/test_item_manager.py::TestItemManager::test_get_equipment_stats_invalid_table PASSED [ 58%]
tests/test_item_manager.py::TestItemManager::test_get_equipment_stats_valid PASSED [ 58%]
tests/test_item_manager.py::TestItemManager::test_search_items PASSED    [ 58%]
tests/test_item_manager_extended.py::TestItemManagerExtended::test_get_equipment_by_id PASSED [ 58%]
tests/test_item_manager_extended.py::TestItemManagerExtended::test_search_items PASSED [ 58%]
tests/test_level_curve.py::TestLevelCurve::test_xp_curve_values PASSED   [ 58%]
tests/test_level_up_system.py::TestLevelUpSystem::test_add_exp_no_level_up PASSED [ 59%]
tests/test_level_up_system.py::TestLevelUpSystem::test_add_exp_with_level_up PASSED [ 59%]
tests/test_level_up_system.py::TestLevelUpSystem::test_to_dict_from_dict PASSED [ 59%]
tests/test_lobby_view.py::TestGuildLobbyView::test_advisor_button_logic PASSED [ 59%]
tests/test_loot_boost_pipeline.py::TestLootBoostPipeline::test_adventure_rewards_uses_loot_boost PASSED [ 59%]
tests/test_loot_boost_pipeline.py::TestLootBoostPipeline::test_adventure_session_fetches_loot_boost PASSED [ 59%]
tests/test_loot_calculator.py::TestLootCalculator::test_calculate_drop_chance_boost PASSED [ 60%]
tests/test_loot_calculator.py::TestLootCalculator::test_calculate_drop_chance_common PASSED [ 60%]
tests/test_loot_calculator.py::TestLootCalculator::test_calculate_drop_chance_epic PASSED [ 60%]
tests/test_loot_calculator.py::TestLootCalculator::test_calculate_drop_chance_max_luck PASSED [ 60%]
tests/test_loot_calculator.py::TestLootCalculator::test_cap_at_100 PASSED [ 60%]
tests/test_loot_calculator.py::TestLootCalculator::test_roll_drops_failure PASSED [ 60%]
tests/test_loot_calculator.py::TestLootCalculator::test_roll_drops_success PASSED [ 60%]
tests/test_material_refinement.py::TestMaterialRefinement::test_craft_iron_dirk_with_ingots PASSED [ 61%]
tests/test_material_refinement.py::TestMaterialRefinement::test_insufficient_materials_for_refinement PASSED [ 61%]
tests/test_material_refinement.py::TestMaterialRefinement::test_refine_iron_ingot PASSED [ 61%]
tests/test_molten_caldera.py::TestMoltenCaldera::test_adventure_events PASSED [ 61%]
tests/test_molten_caldera.py::TestMoltenCaldera::test_emojis_exist PASSED [ 61%]
tests/test_molten_caldera.py::TestMoltenCaldera::test_location_exists PASSED [ 61%]
tests/test_molten_caldera.py::TestMoltenCaldera::test_materials_exist PASSED [ 62%]
tests/test_molten_caldera.py::TestMoltenCaldera::test_monsters_exist PASSED [ 62%]
tests/test_monster_achievements.py::TestMonsterAchievements::test_check_group_achievements_goblin_bane PASSED [ 62%]
tests/test_monster_achievements.py::TestMonsterAchievements::test_check_group_achievements_multiple_groups PASSED [ 62%]
tests/test_monster_achievements.py::TestMonsterAchievements::test_check_group_achievements_no_milestone PASSED [ 62%]
tests/test_monster_actions.py::TestMonsterActions::test_apply_buff PASSED [ 62%]
tests/test_monster_actions.py::TestMonsterActions::test_choose_action_buff_logic PASSED [ 63%]
tests/test_monster_actions.py::TestMonsterActions::test_choose_action_charged_skill PASSED [ 63%]
tests/test_monster_actions.py::TestMonsterActions::test_choose_action_fallback_attack PASSED [ 63%]
tests/test_monster_actions.py::TestMonsterActions::test_choose_action_heal_insufficient_mp PASSED [ 63%]
tests/test_monster_actions.py::TestMonsterActions::test_choose_action_heal_priority PASSED [ 63%]
tests/test_monster_actions.py::TestMonsterActions::test_choose_action_offensive_skill PASSED [ 63%]
tests/test_monster_actions.py::TestMonsterActions::test_choose_action_telegraph_high_power PASSED [ 63%]
tests/test_monster_actions.py::TestMonsterActions::test_handle_buffs_decrement PASSED [ 64%]
tests/test_monster_actions.py::TestMonsterActions::test_handle_buffs_expiration PASSED [ 64%]
tests/test_monster_data.py::TestMonsterData::test_drops_conversion PASSED [ 64%]
tests/test_monster_data.py::TestMonsterData::test_monster_structure PASSED [ 64%]
tests/test_monster_data.py::TestMonsterData::test_monsters_loaded PASSED [ 64%]
tests/test_monster_data.py::TestMonsterData::test_skills_rehydration PASSED [ 64%]
tests/test_monster_data_integrity.py::TestMonsterDataIntegrity::test_spectral_tide_does_not_mutate_global_monsters PASSED [ 65%]
tests/test_mystic_merchant.py::TestMysticMerchantEvent::test_button_appears_when_event_active PASSED [ 65%]
tests/test_mystic_merchant.py::TestMysticMerchantEvent::test_button_missing_when_no_event PASSED [ 65%]
tests/test_mystic_merchant.py::TestMysticMerchantEvent::test_mystic_merchant_callback_opens_shop PASSED [ 65%]
tests/test_narrative_embeds.py::TestNarrativeEmbeds::test_build_summary_embed_level_up PASSED [ 65%]
tests/test_narrative_embeds.py::TestNarrativeEmbeds::test_build_summary_embed_location_flavor PASSED [ 65%]
tests/test_narrative_embeds.py::TestNarrativeEmbeds::test_build_summary_embed_unknown_location PASSED [ 65%]
tests/test_onboarding_ux.py::TestOnboardingUX::test_combat_tutorial_flow PASSED [ 66%]
tests/test_onboarding_ux.py::TestOnboardingUX::test_guild_welcome_view_init PASSED [ 66%]
tests/test_onboarding_ux.py::TestOnboardingUX::test_start_menu_view_init PASSED [ 66%]
tests/test_optimistic_locking.py::TestOptimisticLocking::test_upgrade_insufficient_funds FAILED [ 66%]
tests/test_optimistic_locking.py::TestOptimisticLocking::test_upgrade_race_condition FAILED [ 66%]
tests/test_optimistic_locking.py::TestOptimisticLocking::test_upgrade_success FAILED [ 66%]
tests/test_pip_security.py::TestPipSecurity::test_pip_version_is_safe FAILED [ 67%]
tests/test_player_stats_extended.py::TestPlayerStats::test_bonus_stats PASSED [ 67%]
tests/test_player_stats_extended.py::TestPlayerStats::test_derived_stats PASSED [ 67%]
tests/test_player_stats_extended.py::TestPlayerStats::test_helper_functions PASSED [ 67%]
tests/test_player_stats_extended.py::TestPlayerStats::test_initial_stats PASSED [ 67%]
tests/test_player_stats_extended.py::TestPlayerStats::test_serialization PASSED [ 67%]
tests/test_player_stats_extended.py::TestPlayerStats::test_stat_modification PASSED [ 68%]
tests/test_populate_database.py::TestPopulateDatabase::test_insert_functions PASSED [ 68%]
tests/test_populate_database.py::TestPopulateDatabase::test_main PASSED  [ 68%]
tests/test_populate_database.py::TestPopulateDatabase::test_upsert_many PASSED [ 68%]
tests/test_progression_scaling.py::test_calculate_practice_threshold PASSED [ 68%]
tests/test_progression_scaling.py::test_practice_growth_single_level PASSED [ 68%]
tests/test_progression_scaling.py::test_practice_growth_multi_level PASSED [ 68%]
tests/test_quest_branching.py::TestQuestBranching::test_accept_quest_exclusivity PASSED [ 69%]
tests/test_quest_branching.py::TestQuestBranching::test_branching_logic_availability PASSED [ 69%]
tests/test_quest_json_integrity.py::TestQuestJsonIntegrity::test_frozen_echo_chain PASSED [ 69%]
tests/test_quest_json_integrity.py::TestQuestJsonIntegrity::test_prerequisites_exist PASSED [ 69%]
tests/test_quest_json_integrity.py::TestQuestJsonIntegrity::test_reward_items_exist PASSED [ 69%]
tests/test_quest_json_integrity.py::TestQuestJsonIntegrity::test_unique_ids PASSED [ 69%]
tests/test_quest_race_condition.py::TestQuestRaceCondition::test_complete_quest_race_condition PASSED [ 70%]
tests/test_quest_security.py::TestQuestSecurity::test_accept_quest_bypass_prevention PASSED [ 70%]
tests/test_quest_security.py::TestQuestSecurity::test_complete_quest_malformed_rewards PASSED [ 70%]
tests/test_quest_system_coverage.py::TestQuestSystemCoverage::test_accept_quest_json_error PASSED [ 70%]
tests/test_quest_system_coverage.py::TestQuestSystemCoverage::test_accept_quest_security_check PASSED [ 70%]
tests/test_quest_system_coverage.py::TestQuestSystemCoverage::test_complete_quest_invalid_rewards PASSED [ 70%]
tests/test_quest_system_coverage.py::TestQuestSystemCoverage::test_complete_quest_race_condition PASSED [ 71%]
tests/test_quest_system_coverage.py::TestQuestSystemCoverage::test_complete_quest_success PASSED [ 71%]
tests/test_quest_system_coverage.py::TestQuestSystemCoverage::test_get_available_quests_prerequisites PASSED [ 71%]
tests/test_quest_system_coverage.py::TestQuestSystemCoverage::test_get_available_quests_rank_filtering PASSED [ 71%]
tests/test_quest_system_coverage.py::TestQuestSystemCoverage::test_get_player_quests_json_error PASSED [ 71%]
tests/test_quest_system_coverage.py::TestQuestSystemCoverage::test_get_quest_details_json_error PASSED [ 71%]
tests/test_quest_system_coverage.py::TestQuestSystemCoverage::test_update_progress_invalid_db_json PASSED [ 71%]
tests/test_quest_update_efficiency.py::TestQuestOptimization::test_update_quests_aggregates_drops PASSED [ 72%]
tests/test_quest_ux.py::TestQuestTurnInUX::test_turn_in_with_incomplete_quests PASSED [ 72%]
tests/test_race_condition.py::TestRaceCondition::test_learn_skill_concurrent_duplicate_refunds_vestige PASSED [ 72%]
tests/test_race_condition.py::TestRaceCondition::test_upgrade_skill_concurrent_failure_refunds_vestige PASSED [ 72%]
tests/test_rank_balance.py::TestRankBalance::test_quest_counts_are_achievable PASSED [ 72%]
tests/test_rank_system.py::TestRankSystem::test_rank_a_requirements PASSED [ 72%]
tests/test_rank_system.py::TestRankSystem::test_rank_b_requirements PASSED [ 73%]
tests/test_rank_system.py::TestRankSystem::test_rank_d_requirements PASSED [ 73%]
tests/test_rank_system.py::TestRankSystem::test_rank_e_requirements PASSED [ 73%]
tests/test_rank_system.py::TestRankSystem::test_rank_f_requirements PASSED [ 73%]
tests/test_rank_system.py::TestRankSystem::test_rank_s_requirements PASSED [ 73%]
tests/test_rank_system.py::TestRankSystem::test_rank_ss_requirements PASSED [ 73%]
tests/test_realism_inventory.py::TestRealismInventory::test_add_items_bulk_limit PASSED [ 73%]
tests/test_realism_inventory.py::TestRealismInventory::test_inventory_limit_logic PASSED [ 74%]
tests/test_realism_inventory.py::TestRealismInventory::test_purchase_item_full PASSED [ 74%]
tests/test_regen_formula.py::TestRegenFormula::test_regeneration_scaling PASSED [ 74%]
tests/test_reward_calculators.py::TestRewardCalculators::test_aurum_calculation PASSED [ 74%]
tests/test_reward_calculators.py::TestRewardCalculators::test_exp_calculation PASSED [ 74%]
tests/test_reward_calculators.py::TestRewardCalculators::test_loot_calculation PASSED [ 74%]
tests/test_reward_system_materials.py::TestRewardSystemMaterials::test_grant_consumable_reward PASSED [ 75%]
tests/test_reward_system_materials.py::TestRewardSystemMaterials::test_grant_frostfall_reward PASSED [ 75%]
tests/test_reward_system_materials.py::TestRewardSystemMaterials::test_grant_material_reward PASSED [ 75%]
tests/test_rogue_expansion.py::TestRogueExpansion::test_death_blossom_bleed PASSED [ 75%]
tests/test_rogue_expansion.py::TestRogueExpansion::test_flash_powder_debuff PASSED [ 75%]
tests/test_rogue_expansion.py::TestRogueExpansion::test_shadow_step_buff PASSED [ 75%]
tests/test_rogue_expansion.py::TestRogueExpansion::test_venomous_strike_multiplier PASSED [ 76%]
tests/test_scavenge_mechanic.py::TestDeadTurns::test_direct_wild_gather_scavenge PASSED [ 76%]
tests/test_scavenge_mechanic.py::TestDeadTurns::test_full_rest_prevention PASSED [ 76%]
tests/test_scavenge_mechanic.py::TestDeadTurns::test_scavenge_fallback_on_failed_gather PASSED [ 76%]
tests/test_security.py::TestSecurity::test_link_sanitization FAILED      [ 76%]
tests/test_security.py::TestSecurity::test_markdown_sanitization FAILED  [ 76%]
tests/test_security.py::TestSecurity::test_zalgo_and_length FAILED       [ 76%]
tests/test_security_developer.py::TestSecurityDeveloper::test_dev_panel_access_denied_for_non_owner PASSED [ 77%]
tests/test_security_developer.py::TestSecurityDeveloper::test_dev_panel_access_granted_for_owner PASSED [ 77%]
tests/test_security_exchange.py::TestGuildExchangeSecurity::test_exchange_all_materials_race_condition_fix PASSED [ 77%]
tests/test_security_shop.py::TestSecurityShop::test_shop_callback_validation_failure_empty PASSED [ 77%]
tests/test_security_shop.py::TestSecurityShop::test_shop_callback_validation_failure_malformed PASSED [ 77%]
tests/test_security_shop.py::TestSecurityShop::test_shop_callback_validation_success PASSED [ 77%]
tests/test_setup_view_logic.py::TestAdventureSetupViewLogic::test_max_values_constraint PASSED [ 78%]
tests/test_setup_view_logic.py::TestAdventureSetupViewLogic::test_supply_limit PASSED [ 78%]
tests/test_shop_integration.py::TestShopViewIntegration::test_shop_view_calls_purchase_item_success PASSED [ 78%]
tests/test_shop_integration.py::TestShopViewIntegration::test_shop_view_handles_insufficient_funds PASSED [ 78%]
tests/test_shop_integration.py::TestShopViewIntegration::test_shop_view_with_custom_inventory PASSED [ 78%]
tests/test_shop_integration.py::TestShopViewIntegration::test_shop_view_with_legacy_inventory_format PASSED [ 78%]
tests/test_shop_stale_state.py::TestShopStaleState::test_stale_state_on_purchase_failure PASSED [ 78%]
tests/test_shop_ux_enhancement.py::TestShopUXEnhancement::test_get_inventory_items_counts PASSED [ 79%]
tests/test_shop_ux_enhancement.py::TestShopUXEnhancement::test_shop_view_shows_owned_counts PASSED [ 79%]
tests/test_skill_achievements.py::TestSkillAchievements::test_mixed_achievements PASSED [ 79%]
tests/test_skill_achievements.py::TestSkillAchievements::test_no_new_achievement PASSED [ 79%]
tests/test_skill_achievements.py::TestSkillAchievements::test_rogue_class_achievements_assassin PASSED [ 79%]
tests/test_skill_achievements.py::TestSkillAchievements::test_rogue_class_achievements_phantom PASSED [ 79%]
tests/test_skill_achievements.py::TestSkillAchievements::test_skill_count_achievement_scholar PASSED [ 80%]
tests/test_skill_achievements.py::TestSkillAchievements::test_skill_count_achievement_student PASSED [ 80%]
tests/test_skill_achievements.py::TestSkillAchievements::test_skill_level_achievement_virtuoso PASSED [ 80%]
tests/test_skill_debuff.py::TestToxicBlade::test_toxic_blade_full_lifecycle PASSED [ 80%]
tests/test_skill_exploit.py::TestSkillExploit::test_exploit_learn_free_skill PASSED [ 80%]
tests/test_skill_exploit.py::TestSkillExploit::test_exploit_upgrade_free_skill PASSED [ 80%]
tests/test_skill_upgrade_cost.py::TestSkillUpgradeCost::test_upgrade_cost_calculation PASSED [ 81%]
tests/test_spectral_tide_event.py::TestSpectralTideEvent::test_adventure_rewards_drops_ectoplasm PASSED [ 81%]
tests/test_spectral_tide_event.py::TestSpectralTideEvent::test_adventure_session_night_danger PASSED [ 81%]
tests/test_spectral_tide_event.py::TestSpectralTideEvent::test_start_spectral_tide_event PASSED [ 81%]
tests/test_stack_limits.py::TestStackLimits::test_bulk_add_distribution PASSED [ 81%]
tests/test_stack_limits.py::TestStackLimits::test_consumable_overflow_creates_new_stack PASSED [ 81%]
tests/test_stack_limits.py::TestStackLimits::test_equipment_no_stack PASSED [ 81%]
tests/test_stack_limits.py::TestStackLimits::test_fill_existing_stack_then_overflow PASSED [ 82%]
tests/test_stack_limits.py::TestStackLimits::test_inventory_full_on_overflow PASSED [ 82%]
tests/test_stat_duplication.py::TestStatDuplication::test_recalculate_stats_duplication PASSED [ 82%]
tests/test_stat_xp_refinement.py::TestStatXPRefinement::test_dynamic_damage_tagging PASSED [ 82%]
tests/test_stat_xp_refinement.py::TestStatXPRefinement::test_endurance_xp_formula PASSED [ 82%]
tests/test_stat_xp_refinement.py::TestStatXPRefinement::test_hits_taken_ignored_on_dodge PASSED [ 82%]
tests/test_stat_xp_refinement.py::TestStatXPRefinement::test_hits_taken_tracking PASSED [ 83%]
tests/test_stat_xp_refinement.py::TestStatXPRefinement::test_luck_xp_formula PASSED [ 83%]
tests/test_sunken_grotto.py::TestSunkenGrotto::test_adventure_events PASSED [ 83%]
tests/test_sunken_grotto.py::TestSunkenGrotto::test_emojis_exist PASSED  [ 83%]
tests/test_sunken_grotto.py::TestSunkenGrotto::test_location_exists PASSED [ 83%]
tests/test_sunken_grotto.py::TestSunkenGrotto::test_materials_exist PASSED [ 83%]
tests/test_sunken_grotto.py::TestSunkenGrotto::test_monsters_exist PASSED [ 84%]
tests/test_sunken_grotto.py::TestSunkenGrotto::test_skills_exist PASSED  [ 84%]
tests/test_sunken_grotto_quests.py::TestSunkenGrottoQuests::test_new_quests_exist PASSED [ 84%]
tests/test_sunken_grotto_quests.py::TestSunkenGrottoQuests::test_quest_details PASSED [ 84%]
tests/test_sync_logic.py::test_sync_logic PASSED                         [ 84%]
tests/test_telegraph_mechanic.py::TestTelegraphMechanic::test_monster_ai_telegraph_chance PASSED [ 84%]
tests/test_telegraph_mechanic.py::TestTelegraphMechanic::test_telegraph_execution_flow PASSED [ 84%]
tests/test_time_quake_event.py::TestTimeQuakeEvent::test_loot_bonus_in_ouros PASSED [ 85%]
tests/test_time_quake_event.py::TestTimeQuakeEvent::test_loot_bonus_not_applied_elsewhere PASSED [ 85%]
tests/test_time_quake_event.py::TestTimeQuakeEvent::test_threat_reduction_in_ouros PASSED [ 85%]
tests/test_time_quake_event.py::TestTimeQuakeEvent::test_threat_reduction_not_applied_elsewhere PASSED [ 85%]
tests/test_tournament_caching.py::TestTournamentCaching::test_cache_expiration PASSED [ 85%]
tests/test_tournament_caching.py::TestTournamentCaching::test_invalidation_create PASSED [ 85%]
tests/test_tournament_caching.py::TestTournamentCaching::test_invalidation_end PASSED [ 86%]
tests/test_tournament_caching.py::TestTournamentCaching::test_return_copy PASSED [ 86%]
tests/test_tournament_caching.py::TestTournamentCaching::test_tournament_caching PASSED [ 86%]
tests/test_tournament_cog.py::TestTournamentCog::test_admin_end PASSED   [ 86%]
tests/test_tournament_cog.py::TestTournamentCog::test_admin_start PASSED [ 86%]
tests/test_tournament_cog.py::TestTournamentCog::test_admin_start_invalid PASSED [ 86%]
tests/test_tournament_cog.py::TestTournamentCog::test_check_tournament_cycle_ends_expired PASSED [ 86%]
tests/test_tournament_cog.py::TestTournamentCog::test_check_tournament_cycle_starts_new PASSED [ 87%]
tests/test_tournament_cog.py::TestTournamentCog::test_init_starts_loop PASSED [ 87%]
tests/test_tournament_cog.py::TestTournamentCog::test_leaderboard_active PASSED [ 87%]
tests/test_tournament_cog.py::TestTournamentCog::test_leaderboard_no_active PASSED [ 87%]
tests/test_tournament_cog.py::TestTournamentCog::test_tournament_status_active PASSED [ 87%]
tests/test_tournament_cog.py::TestTournamentCog::test_tournament_status_no_active PASSED [ 87%]
tests/test_tournament_system.py::TestTournamentSystem::test_end_current_tournament_distributes_rewards PASSED [ 88%]
tests/test_tournament_system.py::TestTournamentSystem::test_record_action_ignores_mismatch PASSED [ 88%]
tests/test_tournament_system.py::TestTournamentSystem::test_record_action_updates_score PASSED [ 88%]
tests/test_tournament_system.py::TestTournamentSystem::test_start_weekly_tournament_creates_new PASSED [ 88%]
tests/test_tournament_system.py::TestTournamentSystem::test_start_weekly_tournament_returns_existing PASSED [ 88%]
tests/test_ui_adventure_views.py::TestAdventureStatusView::test_init PASSED [ 88%]
tests/test_ui_adventure_views.py::TestAdventureStatusView::test_interaction_check PASSED [ 89%]
tests/test_ui_adventure_views.py::TestAdventureStatusView::test_refresh_callback_session_ended PASSED [ 89%]
tests/test_ui_adventure_views.py::TestAdventureStatusView::test_refresh_callback_success PASSED [ 89%]
tests/test_ui_adventure_views.py::TestAdventureStatusView::test_retreat_callback_success PASSED [ 89%]
tests/test_ui_callbacks.py::TestUICallbacks::test_back_to_guild_hall_callback_success PASSED [ 89%]
tests/test_ui_callbacks.py::TestUICallbacks::test_back_to_profile_callback_success PASSED [ 89%]
tests/test_ui_callbacks.py::TestUICallbacks::test_get_player_or_error_found PASSED [ 89%]
tests/test_ui_callbacks.py::TestUICallbacks::test_get_player_or_error_not_found PASSED [ 90%]
tests/test_ui_experiment_view.py::TestExperimentView::test_init_few_materials PASSED [ 90%]
tests/test_ui_experiment_view.py::TestExperimentView::test_init_no_materials PASSED [ 90%]
tests/test_ui_experiment_view.py::TestExperimentView::test_init_valid_materials PASSED [ 90%]
tests/test_ui_experiment_view.py::TestExperimentView::test_material_select_callback PASSED [ 90%]
tests/test_ui_experiment_view.py::TestExperimentView::test_mix_callback_failure PASSED [ 90%]
tests/test_ui_experiment_view.py::TestExperimentView::test_mix_callback_success PASSED [ 91%]
tests/test_ui_helpers.py::TestUIHelpers::test_inventory_embed_categorization PASSED [ 91%]
tests/test_ui_helpers.py::TestUIHelpers::test_inventory_embed_unequipped PASSED [ 91%]
tests/test_ui_helpers.py::TestUIHelpers::test_progress_bar_logic PASSED  [ 91%]
tests/test_ui_quest_views.py::TestQuestViews::test_accept_quest_callback PASSED [ 91%]
tests/test_ui_quest_views.py::TestQuestViews::test_complete_quest_callback PASSED [ 91%]
tests/test_ui_quest_views.py::TestQuestViews::test_ledger_view_init PASSED [ 92%]
tests/test_ui_quest_views.py::TestQuestViews::test_ledger_view_interaction_check PASSED [ 92%]
tests/test_ui_quest_views.py::TestQuestViews::test_quest_board_view_init PASSED [ 92%]
tests/test_ui_quest_views.py::TestQuestViews::test_quest_log_view_init PASSED [ 92%]
tests/test_ui_quest_views.py::TestQuestViews::test_quest_log_view_init_empty PASSED [ 92%]
tests/test_ui_quest_views.py::TestQuestViews::test_view_quest_details_callback PASSED [ 92%]
tests/test_ui_rank_view.py::TestRankView::test_cancel_callback_success PASSED [ 92%]
tests/test_ui_rank_view.py::TestRankView::test_confirm_callback_no_cog PASSED [ 93%]
tests/test_ui_rank_view.py::TestRankView::test_confirm_callback_success PASSED [ 93%]
tests/test_ui_rank_view.py::TestRankView::test_promote_callback_eligible PASSED [ 93%]
tests/test_ui_rank_view.py::TestRankView::test_promote_callback_not_eligible PASSED [ 93%]
tests/test_ui_rank_view.py::TestRankView::test_rank_progress_view_init PASSED [ 93%]
tests/test_ui_validation.py::TestUIValidation::test_custom_message PASSED [ 93%]
tests/test_ui_validation.py::TestUIValidation::test_player_found PASSED  [ 94%]
tests/test_ui_validation.py::TestUIValidation::test_player_not_found_deferred PASSED [ 94%]
tests/test_ui_validation.py::TestUIValidation::test_player_not_found_not_deferred PASSED [ 94%]
tests/test_vitals_concurrency.py::TestHealRaceCondition::test_heal_overwritten_by_adventure PASSED [ 94%]
tests/test_vp_cost_curve.py::TestVPCostCurve::test_cost_curve_exponential PASSED [ 94%]
tests/test_vp_cost_curve.py::TestVPCostCurve::test_luck_cost_curve PASSED [ 94%]
tests/test_warrior_expansion.py::TestWarriorExpansion::test_shield_bash_stun PASSED [ 94%]
tests/test_warrior_expansion.py::TestWarriorExpansion::test_unstoppable_force_buff PASSED [ 95%]
tests/test_warrior_expansion.py::TestWarriorExpansion::test_immunity_prevents_status PASSED [ 95%]
tests/test_warrior_expansion.py::TestWarriorExpansion::test_player_stunned_mechanic PASSED [ 95%]
tests/test_weather_combat.py::TestWeatherCombat::test_ash_storm_event PASSED [ 95%]
tests/test_weather_combat.py::TestWeatherCombat::test_detect_element PASSED [ 95%]
tests/test_weather_combat.py::TestWeatherCombat::test_fog_modifiers PASSED [ 95%]
tests/test_weather_combat.py::TestWeatherCombat::test_rain_modifiers PASSED [ 96%]
tests/test_weather_combat.py::TestWeatherCombat::test_storm_lightning_event PASSED [ 96%]
tests/test_weather_dynamic_features.py::TestDynamicWeather::test_adventure_session_environmental_hazard PASSED [ 96%]
tests/test_weather_dynamic_features.py::TestDynamicWeather::test_combat_weather_modifiers_blizzard PASSED [ 96%]
tests/test_weather_dynamic_features.py::TestDynamicWeather::test_combat_weather_modifiers_sandstorm PASSED [ 96%]
tests/test_weather_dynamic_features.py::TestDynamicWeather::test_combat_weather_start_of_turn_sandstorm PASSED [ 96%]
tests/test_weather_system.py::TestWeatherSystem::test_weather_enum_exists PASSED [ 97%]
tests/test_weather_system.py::TestWeatherSystem::test_get_current_weather_deterministic PASSED [ 97%]
tests/test_weather_system.py::TestWeatherSystem::test_get_current_weather_varies_by_location PASSED [ 97%]
tests/test_weather_system.py::TestWeatherSystem::test_get_current_weather_varies_by_hour PASSED [ 97%]
tests/test_weather_system.py::TestWeatherSystem::test_molten_caldera_weather_restrictions PASSED [ 97%]
tests/test_weather_system.py::TestWeatherSystem::test_weather_flavor PASSED [ 97%]
tests/test_wild_gathering.py::TestWildGathering::test_adventure_session_integration PASSED [ 97%]
tests/test_wild_gathering.py::TestWildGathering::test_wild_gathering_no_gatherables PASSED [ 98%]
tests/test_wild_gathering.py::TestWildGathering::test_wild_gathering_trigger_with_location PASSED [ 98%]
tests/test_world_events.py::TestWorldEventSystem::test_get_current_event_active PASSED [ 98%]
tests/test_world_events.py::TestWorldEventSystem::test_get_current_event_expired PASSED [ 98%]
tests/test_world_events.py::TestWorldEventSystem::test_get_modifiers PASSED [ 98%]
tests/test_world_events.py::TestWorldEventSystem::test_start_event PASSED [ 98%]
tests/test_world_events_caching.py::TestWorldEventCaching::test_cache_expiration PASSED [ 99%]
tests/test_world_events_caching.py::TestWorldEventCaching::test_invalidation_on_set PASSED [ 99%]
tests/test_world_events_caching.py::TestWorldEventCaching::test_return_copy PASSED [ 99%]
tests/test_world_events_caching.py::TestWorldEventCaching::test_world_event_caching PASSED [ 99%]
tests/test_world_seasons.py::TestWorldSeasons::test_get_current_season PASSED [ 99%]
tests/test_world_seasons.py::TestWorldSeasons::test_weather_integrity_volcano PASSED [ 99%]
tests/test_world_seasons.py::TestWorldSeasons::test_weather_weights_seasonal PASSED [100%]

=================================== FAILURES ===================================
____________ TestOptimisticLocking.test_upgrade_insufficient_funds _____________

self = <test_optimistic_locking.TestOptimisticLocking testMethod=test_upgrade_insufficient_funds>

    def setUp(self):
        self.mock_db = MagicMock()
        self.mock_user = MagicMock()
        self.mock_user.id = 12345

        # Initial stats setup
        # PlayerStats expects a dict with keys like "STR": {"base": 10, ...}
        # But wait, PlayerStats.from_dict parses the JSON structure.
        # Let's verify PlayerStats structure from memory or file.
        # game_systems/player/player_stats.py

        # We need a valid stats dict structure for PlayerStats.from_dict to work without error
        # Assuming typical structure: {"STR": {"base": 10}, ...}
        self.stats_dict = {
            "STR": {"base": 10},
            "END": {"base": 10},
            "DEX": {"base": 10},
            "AGI": {"base": 10},
            "MAG": {"base": 10},
            "LCK": {"base": 10},
        }
        self.stats_json_str = json.dumps(self.stats_dict)

        # We need to mock PlayerStats because StatusUpdateView uses it
        # Actually, we can use the real PlayerStats if it doesn't have external deps
        # It seems purely data-driven.

        self.real_stats = PlayerStats.from_dict(self.stats_dict)

        self.p_data = {"vestige_pool": 100, "class_id": 1}

        self.mock_stats_row = {"stats_json": self.stats_json_str}

        # Configure Mock DB
        self.mock_db.get_player_field.return_value = 100
        self.mock_db.get_player_stats_row.return_value = self.mock_stats_row
        self.mock_db.get_player_vitals.return_value = {
            "current_hp": 100,
            "current_mp": 50,
        }

        # Instantiate View
        # Note: StatusUpdateView calls self._get_class_starting_stats which uses CLASSES constant
        # We might need to mock game_systems.data.class_data if it causes issues, but it should be fine.

>       self.view = StatusUpdateView(
            self.mock_db,
            self.mock_user,
            self.p_data,
            self.real_stats,
            self.mock_stats_row,
        )

tests/test_optimistic_locking.py:89:
_ _ _ _ _ _ _ _ _ _ _ _ _ _ _ _ _ _ _ _ _ _ _ _ _ _ _ _ _ _ _ _ _ _ _ _ _ _ _ _
cogs/status_update_cog.py:42: in __init__
    self.starting_stats = self._get_class_starting_stats(p_data["class_id"])
                          ^^^^^^^^^^^^^^^^^^^^^^^^^^^^^^^^^^^^^^^^^^^^^^^^^^
_ _ _ _ _ _ _ _ _ _ _ _ _ _ _ _ _ _ _ _ _ _ _ _ _ _ _ _ _ _ _ _ _ _ _ _ _ _ _ _

self = <cogs.status_update_cog.StatusUpdateView object at 0x7f96e345b680>
class_id = 1

    def _get_class_starting_stats(self, class_id):
        """Retrieves base stats for the player's class to calculate cost scaling."""
        for data in CLASSES.values():
            if data["id"] == class_id:
>               return data["stats"]
                       ^^^^^^^^^^^^^
E               KeyError: 'stats'

cogs/status_update_cog.py:50: KeyError
______________ TestOptimisticLocking.test_upgrade_race_condition _______________

self = <test_optimistic_locking.TestOptimisticLocking testMethod=test_upgrade_race_condition>

    def setUp(self):
        self.mock_db = MagicMock()
        self.mock_user = MagicMock()
        self.mock_user.id = 12345

        # Initial stats setup
        # PlayerStats expects a dict with keys like "STR": {"base": 10, ...}
        # But wait, PlayerStats.from_dict parses the JSON structure.
        # Let's verify PlayerStats structure from memory or file.
        # game_systems/player/player_stats.py

        # We need a valid stats dict structure for PlayerStats.from_dict to work without error
        # Assuming typical structure: {"STR": {"base": 10}, ...}
        self.stats_dict = {
            "STR": {"base": 10},
            "END": {"base": 10},
            "DEX": {"base": 10},
            "AGI": {"base": 10},
            "MAG": {"base": 10},
            "LCK": {"base": 10},
        }
        self.stats_json_str = json.dumps(self.stats_dict)

        # We need to mock PlayerStats because StatusUpdateView uses it
        # Actually, we can use the real PlayerStats if it doesn't have external deps
        # It seems purely data-driven.

        self.real_stats = PlayerStats.from_dict(self.stats_dict)

        self.p_data = {"vestige_pool": 100, "class_id": 1}

        self.mock_stats_row = {"stats_json": self.stats_json_str}

        # Configure Mock DB
        self.mock_db.get_player_field.return_value = 100
        self.mock_db.get_player_stats_row.return_value = self.mock_stats_row
        self.mock_db.get_player_vitals.return_value = {
            "current_hp": 100,
            "current_mp": 50,
        }

        # Instantiate View
        # Note: StatusUpdateView calls self._get_class_starting_stats which uses CLASSES constant
        # We might need to mock game_systems.data.class_data if it causes issues, but it should be fine.

>       self.view = StatusUpdateView(
            self.mock_db,
            self.mock_user,
            self.p_data,
            self.real_stats,
            self.mock_stats_row,
        )

tests/test_optimistic_locking.py:89:
_ _ _ _ _ _ _ _ _ _ _ _ _ _ _ _ _ _ _ _ _ _ _ _ _ _ _ _ _ _ _ _ _ _ _ _ _ _ _ _
cogs/status_update_cog.py:42: in __init__
    self.starting_stats = self._get_class_starting_stats(p_data["class_id"])
                          ^^^^^^^^^^^^^^^^^^^^^^^^^^^^^^^^^^^^^^^^^^^^^^^^^^
_ _ _ _ _ _ _ _ _ _ _ _ _ _ _ _ _ _ _ _ _ _ _ _ _ _ _ _ _ _ _ _ _ _ _ _ _ _ _ _

self = <cogs.status_update_cog.StatusUpdateView object at 0x7f96e4014980>
class_id = 1

    def _get_class_starting_stats(self, class_id):
        """Retrieves base stats for the player's class to calculate cost scaling."""
        for data in CLASSES.values():
            if data["id"] == class_id:
>               return data["stats"]
                       ^^^^^^^^^^^^^
E               KeyError: 'stats'

cogs/status_update_cog.py:50: KeyError
__________________ TestOptimisticLocking.test_upgrade_success __________________

self = <test_optimistic_locking.TestOptimisticLocking testMethod=test_upgrade_success>

    def setUp(self):
        self.mock_db = MagicMock()
        self.mock_user = MagicMock()
        self.mock_user.id = 12345

        # Initial stats setup
        # PlayerStats expects a dict with keys like "STR": {"base": 10, ...}
        # But wait, PlayerStats.from_dict parses the JSON structure.
        # Let's verify PlayerStats structure from memory or file.
        # game_systems/player/player_stats.py

        # We need a valid stats dict structure for PlayerStats.from_dict to work without error
        # Assuming typical structure: {"STR": {"base": 10}, ...}
        self.stats_dict = {
            "STR": {"base": 10},
            "END": {"base": 10},
            "DEX": {"base": 10},
            "AGI": {"base": 10},
            "MAG": {"base": 10},
            "LCK": {"base": 10},
        }
        self.stats_json_str = json.dumps(self.stats_dict)

        # We need to mock PlayerStats because StatusUpdateView uses it
        # Actually, we can use the real PlayerStats if it doesn't have external deps
        # It seems purely data-driven.

        self.real_stats = PlayerStats.from_dict(self.stats_dict)

        self.p_data = {"vestige_pool": 100, "class_id": 1}

        self.mock_stats_row = {"stats_json": self.stats_json_str}

        # Configure Mock DB
        self.mock_db.get_player_field.return_value = 100
        self.mock_db.get_player_stats_row.return_value = self.mock_stats_row
        self.mock_db.get_player_vitals.return_value = {
            "current_hp": 100,
            "current_mp": 50,
        }

        # Instantiate View
        # Note: StatusUpdateView calls self._get_class_starting_stats which uses CLASSES constant
        # We might need to mock game_systems.data.class_data if it causes issues, but it should be fine.

>       self.view = StatusUpdateView(
            self.mock_db,
            self.mock_user,
            self.p_data,
            self.real_stats,
            self.mock_stats_row,
        )

tests/test_optimistic_locking.py:89:
_ _ _ _ _ _ _ _ _ _ _ _ _ _ _ _ _ _ _ _ _ _ _ _ _ _ _ _ _ _ _ _ _ _ _ _ _ _ _ _
cogs/status_update_cog.py:42: in __init__
    self.starting_stats = self._get_class_starting_stats(p_data["class_id"])
                          ^^^^^^^^^^^^^^^^^^^^^^^^^^^^^^^^^^^^^^^^^^^^^^^^^^
_ _ _ _ _ _ _ _ _ _ _ _ _ _ _ _ _ _ _ _ _ _ _ _ _ _ _ _ _ _ _ _ _ _ _ _ _ _ _ _

self = <cogs.status_update_cog.StatusUpdateView object at 0x7f96e35542f0>
class_id = 1

    def _get_class_starting_stats(self, class_id):
        """Retrieves base stats for the player's class to calculate cost scaling."""
        for data in CLASSES.values():
            if data["id"] == class_id:
>               return data["stats"]
                       ^^^^^^^^^^^^^
E               KeyError: 'stats'

cogs/status_update_cog.py:50: KeyError
___________________ TestPipSecurity.test_pip_version_is_safe ___________________

self = <test_pip_security.TestPipSecurity testMethod=test_pip_version_is_safe>

    def test_pip_version_is_safe(self):
        """Verify that pip version is not 25.3 (CVE-2026-1703)."""
        version = pip.__version__
        print(f"Testing pip version: {version}")

        # Assert version is not the specific vulnerable one
>       self.assertNotEqual(version, "25.3", f"CRITICAL: Vulnerable pip version {version} detected!")
E       AssertionError: '25.3' == '25.3' : CRITICAL: Vulnerable pip version 25.3 detected!

tests/test_pip_security.py:17: AssertionError
----------------------------- Captured stdout call -----------------------------
Testing pip version: 25.3
_____________________ TestSecurity.test_link_sanitization ______________________

self = <test_security.TestSecurity testMethod=test_link_sanitization>

    def test_link_sanitization(self):
        """Test that link markdown characters are removed from username."""
        discord_id = 12345
        dirty_name = "[Click Me](http://evil.com)"

        # Expected: brackets and parentheses removed
        expected_clean_name = "Click Mehttp://evil.com"

        self.mock_db.player_exists.return_value = False
        self.mock_db.get_default_skill_keys.return_value = []

>       success, msg = self.creator.create_player(discord_id, dirty_name, 1)
                       ^^^^^^^^^^^^^^^^^^^^^^^^^^^^^^^^^^^^^^^^^^^^^^^^^^^^^

tests/test_security.py:89:
_ _ _ _ _ _ _ _ _ _ _ _ _ _ _ _ _ _ _ _ _ _ _ _ _ _ _ _ _ _ _ _ _ _ _ _ _ _ _ _

self = <game_systems.player.player_creator.PlayerCreator object at 0x7f96e2197260>
discord_id = 12345, username = 'Click Mehttp://evil.com', class_id = 1
race = None, gender = None

    def create_player(
        self,
        discord_id: int,
        username: str,
        class_id: int,
        race: str = None,
        gender: str = None,
    ):
        """
        Creates a player profile.
        ATOMIC: Creates player, stats, and default skills in one transaction.
        """
        # --- SECURITY FIX: Sanitize Username ---
        # 1. Remove Markdown characters (including link syntax)
        username = re.sub(r"[\*_~`|>\[\]\(\)]", "", username)
        # 2. Trim whitespace
        username = username.strip()
        # 3. Enforce max length
        username = username[:32]
        # 4. Ensure not empty
        if not username:
            username = "Adventurer"

        if self.db.player_exists(discord_id):
            return False, "You already have a character."

        # 1. Validate Class
        class_name = None
        for name, data in CLASS_DEFINITIONS.items():
            if data["id"] == class_id:
                class_name = name
                break

        if not class_name:
            return False, "Invalid class selection."

        class_data = CLASS_DEFINITIONS[class_name]

        # 2. Initialize Stats
        stats = PlayerStats(
>           str_base=class_data["stats"]["STR"],
                     ^^^^^^^^^^^^^^^^^^^
            end_base=class_data["stats"]["END"],
            dex_base=class_data["stats"]["DEX"],
            agi_base=class_data["stats"]["AGI"],
            mag_base=class_data["stats"]["MAG"],
            lck_base=class_data["stats"]["LCK"],
        )
E       KeyError: 'stats'

game_systems/player/player_creator.py:63: KeyError
___________________ TestSecurity.test_markdown_sanitization ____________________

self = <test_security.TestSecurity testMethod=test_markdown_sanitization>

    def test_markdown_sanitization(self):
        """Test that markdown characters are removed from username."""
        discord_id = 12345
        dirty_name = "**Bold**_Italic_`Code`"
        expected_clean_name = "BoldItalicCode"

        # Mock player not existing
        self.mock_db.player_exists.return_value = False
        self.mock_db.get_default_skill_keys.return_value = []

>       success, msg = self.creator.create_player(discord_id, dirty_name, 1)  # 1 is a valid class_id
                       ^^^^^^^^^^^^^^^^^^^^^^^^^^^^^^^^^^^^^^^^^^^^^^^^^^^^^

tests/test_security.py:66:
_ _ _ _ _ _ _ _ _ _ _ _ _ _ _ _ _ _ _ _ _ _ _ _ _ _ _ _ _ _ _ _ _ _ _ _ _ _ _ _

self = <game_systems.player.player_creator.PlayerCreator object at 0x7f96e21cffb0>
discord_id = 12345, username = 'BoldItalicCode', class_id = 1, race = None
gender = None

    def create_player(
        self,
        discord_id: int,
        username: str,
        class_id: int,
        race: str = None,
        gender: str = None,
    ):
        """
        Creates a player profile.
        ATOMIC: Creates player, stats, and default skills in one transaction.
        """
        # --- SECURITY FIX: Sanitize Username ---
        # 1. Remove Markdown characters (including link syntax)
        username = re.sub(r"[\*_~`|>\[\]\(\)]", "", username)
        # 2. Trim whitespace
        username = username.strip()
        # 3. Enforce max length
        username = username[:32]
        # 4. Ensure not empty
        if not username:
            username = "Adventurer"

        if self.db.player_exists(discord_id):
            return False, "You already have a character."

        # 1. Validate Class
        class_name = None
        for name, data in CLASS_DEFINITIONS.items():
            if data["id"] == class_id:
                class_name = name
                break

        if not class_name:
            return False, "Invalid class selection."

        class_data = CLASS_DEFINITIONS[class_name]

        # 2. Initialize Stats
        stats = PlayerStats(
>           str_base=class_data["stats"]["STR"],
                     ^^^^^^^^^^^^^^^^^^^
            end_base=class_data["stats"]["END"],
            dex_base=class_data["stats"]["DEX"],
            agi_base=class_data["stats"]["AGI"],
            mag_base=class_data["stats"]["MAG"],
            lck_base=class_data["stats"]["LCK"],
        )
E       KeyError: 'stats'

game_systems/player/player_creator.py:63: KeyError
______________________ TestSecurity.test_zalgo_and_length ______________________

self = <test_security.TestSecurity testMethod=test_zalgo_and_length>

    def test_zalgo_and_length(self):
        """Test that name is truncated to 32 chars."""
        discord_id = 67890
        long_name = "A" * 50
        expected_len = 32

        self.mock_db.player_exists.return_value = False
        self.mock_db.get_default_skill_keys.return_value = []

>       success, msg = self.creator.create_player(discord_id, long_name, 1)
                       ^^^^^^^^^^^^^^^^^^^^^^^^^^^^^^^^^^^^^^^^^^^^^^^^^^^^

tests/test_security.py:115:
_ _ _ _ _ _ _ _ _ _ _ _ _ _ _ _ _ _ _ _ _ _ _ _ _ _ _ _ _ _ _ _ _ _ _ _ _ _ _ _

self = <game_systems.player.player_creator.PlayerCreator object at 0x7f96e21ce240>
discord_id = 67890, username = 'AAAAAAAAAAAAAAAAAAAAAAAAAAAAAAAA', class_id = 1
race = None, gender = None

    def create_player(
        self,
        discord_id: int,
        username: str,
        class_id: int,
        race: str = None,
        gender: str = None,
    ):
        """
        Creates a player profile.
        ATOMIC: Creates player, stats, and default skills in one transaction.
        """
        # --- SECURITY FIX: Sanitize Username ---
        # 1. Remove Markdown characters (including link syntax)
        username = re.sub(r"[\*_~`|>\[\]\(\)]", "", username)
        # 2. Trim whitespace
        username = username.strip()
        # 3. Enforce max length
        username = username[:32]
        # 4. Ensure not empty
        if not username:
            username = "Adventurer"

        if self.db.player_exists(discord_id):
            return False, "You already have a character."

        # 1. Validate Class
        class_name = None
        for name, data in CLASS_DEFINITIONS.items():
            if data["id"] == class_id:
                class_name = name
                break

        if not class_name:
            return False, "Invalid class selection."

        class_data = CLASS_DEFINITIONS[class_name]

        # 2. Initialize Stats
        stats = PlayerStats(
>           str_base=class_data["stats"]["STR"],
                     ^^^^^^^^^^^^^^^^^^^
            end_base=class_data["stats"]["END"],
            dex_base=class_data["stats"]["DEX"],
            agi_base=class_data["stats"]["AGI"],
            mag_base=class_data["stats"]["MAG"],
            lck_base=class_data["stats"]["LCK"],
        )
E       KeyError: 'stats'

game_systems/player/player_creator.py:63: KeyError
================================ tests coverage ================================
_______________ coverage: platform linux, python 3.12.12-final-0 _______________

Name                                             Stmts   Miss  Cover
--------------------------------------------------------------------
cogs/__init__.py                                     0      0   100%
cogs/adventure_cog.py                               13     13     0%
cogs/adventure_loop.py                              35     35     0%
cogs/character_cog.py                               11     11     0%
cogs/chronicle_cog.py                               62     62     0%
cogs/developer_cog.py                              134     50    63%
cogs/event_cog.py                                  102      9    91%
cogs/faction_cog.py                                 60     60     0%
cogs/general_cog.py                                 34     34     0%
cogs/guild_hub_cog.py                               15     15     0%
cogs/infirmary_cog.py                               93     43    54%
cogs/onboarding_cog.py                             201     87    57%
cogs/quest_hub_cog.py                              206     57    72%
cogs/shop_cog.py                                   131     21    84%
cogs/skill_trainer_cog.py                          148     32    78%
cogs/status_update_cog.py                          151     78    48%
cogs/tournament_cog.py                             104     14    87%
cogs/utils/__init__.py                               0      0   100%
cogs/utils/ui_helpers.py                           186     33    82%
database/__init__.py                                 0      0   100%
database/create_database.py                         27      8    70%
database/database_manager.py                       870    306    65%
database/populate_database.py                      145     13    91%
game_systems/__init__.py                             0      0   100%
game_systems/adventure/adventure_events.py         124     15    88%
game_systems/adventure/adventure_manager.py        256     48    81%
game_systems/adventure/adventure_resolution.py     154     64    58%
game_systems/adventure/adventure_rewards.py        263     42    84%
game_systems/adventure/adventure_session.py        510    169    67%
game_systems/adventure/combat_handler.py           157     43    73%
game_systems/adventure/event_handler.py            158     41    74%
game_systems/adventure/exploration_events.py        77      9    88%
game_systems/adventure/ui/__init__.py                0      0   100%
game_systems/adventure/ui/adventure_embeds.py      162     28    83%
game_systems/adventure/ui/exploration_view.py      203     70    66%
game_systems/adventure/ui/setup_view.py            162     63    61%
game_systems/adventure/ui/status_view.py            58      5    91%
game_systems/character/ui/adventure_menu.py         95     63    34%
game_systems/character/ui/inventory_view.py        172     54    69%
game_systems/combat/__init__.py                      0      0   100%
game_systems/combat/auto_combat_formula.py          86      8    91%
game_systems/combat/combat_effects.py              122     14    89%
game_systems/combat/combat_engine.py               460     71    85%
game_systems/combat/combat_phrases.py              145     31    79%
game_systems/combat/combat_weather.py               93     29    69%
game_systems/combat/damage_formula.py              116      7    94%
game_systems/core/world_time.py                    105     17    84%
game_systems/crafting/crafting_system.py           235     35    85%
game_systems/crafting/ui/crafting_view.py          170     95    44%
game_systems/crafting/ui/experiment_view.py         75     11    85%
game_systems/data/__init__.py                        0      0   100%
game_systems/data/adventure_locations.py            46      9    80%
game_systems/data/class_data.py                      1      0   100%
game_systems/data/class_equipments.py               35      2    94%
game_systems/data/codex_data.py                     26     26     0%
game_systems/data/consumables.py                    28      9    68%
game_systems/data/crafting_recipes.py                1      0   100%
game_systems/data/data_validator.py                 77      9    88%
game_systems/data/emojis.py                         67      1    99%
game_systems/data/equipments.py                     28      9    68%
game_systems/data/factions.py                       35      9    74%
game_systems/data/materials.py                      27      9    67%
game_systems/data/messages.py                        3      0   100%
game_systems/data/monsters.py                       50     10    80%
game_systems/data/narrative_data.py                  2      0   100%
game_systems/data/quest_data.py                     26      6    77%
game_systems/data/quest_items.py                    28      9    68%
game_systems/data/recipes.py                         2      0   100%
game_systems/data/schemas.py                        10      0   100%
game_systems/data/shop_data.py                       2      0   100%
game_systems/data/skills_data.py                     1      0   100%
game_systems/data/stat_descriptions.py               1      1     0%
game_systems/events/__init__.py                      0      0   100%
game_systems/events/world_event_system.py           54      6    89%
game_systems/guild_system/__init__.py                0      0   100%
game_systems/guild_system/advisor.py                61     27    56%
game_systems/guild_system/faction_system.py        135     20    85%
game_systems/guild_system/guild_exchange.py         42     17    60%
game_systems/guild_system/quest_system.py          186     44    76%
game_systems/guild_system/rank_system.py            35     10    71%
game_systems/guild_system/reward_system.py          73     12    84%
game_systems/guild_system/tournament_system.py      75     18    76%
game_systems/guild_system/ui/components.py          60     19    68%
game_systems/guild_system/ui/lobby_view.py          39     16    59%
game_systems/guild_system/ui/quests_menu.py        113     57    50%
game_systems/guild_system/ui/rank_view.py          113     22    81%
game_systems/guild_system/ui/services_menu.py      112     63    44%
game_systems/items/__init__.py                       0      0   100%
game_systems/items/consumable_manager.py           126     13    90%
game_systems/items/equipment_manager.py            287     50    83%
game_systems/items/inventory_manager.py             41     16    61%
game_systems/items/item_manager.py                  96     22    77%
game_systems/monsters/__init__.py                    0      0   100%
game_systems/monsters/monster_actions.py            75      5    93%
game_systems/monsters/monster_skills.py              1      0   100%
game_systems/player/__init__.py                      0      0   100%
game_systems/player/achievement_system.py          138     25    82%
game_systems/player/level_up.py                     31      2    94%
game_systems/player/player_creator.py               34     11    68%
game_systems/player/player_stats.py                112      1    99%
game_systems/rewards/__init__.py                     0      0   100%
game_systems/rewards/aurum_calculator.py            11      0   100%
game_systems/rewards/exp_calculator.py              16      3    81%
game_systems/rewards/loot_calculator.py             21      0   100%
--------------------------------------------------------------------
TOTAL                                             9469   2601    73%
=========================== short test summary info ============================
FAILED tests/test_optimistic_locking.py::TestOptimisticLocking::test_upgrade_insufficient_funds
FAILED tests/test_optimistic_locking.py::TestOptimisticLocking::test_upgrade_race_condition
FAILED tests/test_optimistic_locking.py::TestOptimisticLocking::test_upgrade_success
FAILED tests/test_pip_security.py::TestPipSecurity::test_pip_version_is_safe
FAILED tests/test_security.py::TestSecurity::test_link_sanitization - KeyErro...
FAILED tests/test_security.py::TestSecurity::test_markdown_sanitization - Key...
FAILED tests/test_security.py::TestSecurity::test_zalgo_and_length - KeyError...
======================== 7 failed, 631 passed in 14.25s ========================
