============================= test session starts ==============================
platform linux -- Python 3.12.12, pytest-9.0.2, pluggy-1.6.0 -- /home/jules/.pyenv/versions/3.12.12/bin/python3.12
cachedir: .pytest_cache
rootdir: /app
configfile: pyproject.toml
testpaths: tests
plugins: cov-7.0.0
collecting ... collected 321 items

tests/test_achievement_logic.py::TestAchievementLogic::test_check_kill_achievements_already_have PASSED [  0%]
tests/test_achievement_logic.py::TestAchievementLogic::test_check_kill_achievements_normal_success PASSED [  0%]
tests/test_achievement_logic.py::TestAchievementLogic::test_check_quest_achievements_success PASSED [  0%]
tests/test_adventure_day_night.py::TestAdventureDayNight::test_day_no_ambush PASSED [  1%]
tests/test_adventure_day_night.py::TestAdventureDayNight::test_night_ambush_trigger PASSED [  1%]
tests/test_adventure_day_night.py::TestAdventureDayNight::test_night_no_ambush PASSED [  1%]
tests/test_adventure_day_night.py::TestAdventureDayNight::test_regen_threshold_day PASSED [  2%]
tests/test_adventure_day_night.py::TestAdventureDayNight::test_regen_threshold_night PASSED [  2%]
tests/test_adventure_death_penalty.py::TestAdventureDeathPenalty::test_death_penalty_calculation PASSED [  2%]
tests/test_adventure_embeds.py::TestAdventureEmbeds::test_combat_footer PASSED [  3%]
tests/test_adventure_embeds.py::TestAdventureEmbeds::test_exploration_footer PASSED [  3%]
tests/test_adventure_race.py::TestExplorationViewRace::test_race_condition_double_click PASSED [  3%]
tests/test_adventure_rewards.py::TestAdventureRewards::test_process_victory_loot_and_quests PASSED [  4%]
tests/test_adventure_rewards.py::TestAdventureRewards::test_process_victory_skill_xp PASSED [  4%]
tests/test_adventure_rewards.py::TestAdventureRewards::test_process_victory_stat_xp PASSED [  4%]
tests/test_adventure_safety.py::TestAdventureDataLoss::test_failure_stops_process PASSED [  4%]
tests/test_adventure_safety.py::TestAdventureDataLoss::test_invalid_start_adventure PASSED [  5%]
tests/test_adventure_safety.py::TestAdventureDataLoss::test_safe_reward_order PASSED [  5%]
tests/test_adventure_schema_update.py::TestAdventureSchemaUpdate::test_database_manager_methods_exist PASSED [  5%]
tests/test_adventure_schema_update.py::TestAdventureSchemaUpdate::test_start_adventure_passes_new_args PASSED [  6%]
tests/test_adventure_session_concurrency.py::TestAdventureSessionConcurrency::test_concurrent_attacks PASSED [  6%]
tests/test_adventure_session_concurrency.py::TestAdventureSessionConcurrency::test_legacy_session_update PASSED [  6%]
tests/test_adventure_ux.py::TestAdventureUX::test_adventure_view_begin PASSED [  7%]
tests/test_adventure_ux.py::TestAdventureUX::test_adventure_view_resume PASSED [  7%]
tests/test_armor_slots.py::TestArmorSlots::test_body_slot_conflict PASSED [  7%]
tests/test_armor_slots.py::TestArmorSlots::test_get_slot_display_name PASSED [  8%]
tests/test_armor_slots.py::TestArmorSlots::test_head_slot_conflict PASSED [  8%]
tests/test_aurum_drops.py::TestAurumDrops::test_aurum_calculator_boss PASSED [  8%]
tests/test_aurum_drops.py::TestAurumDrops::test_aurum_calculator_elite PASSED [  9%]
tests/test_aurum_drops.py::TestAurumDrops::test_aurum_calculator_normal PASSED [  9%]
tests/test_aurum_drops.py::TestAurumDrops::test_combat_engine_integration PASSED [  9%]
tests/test_aurum_drops.py::TestAurumDrops::test_luck_bonus PASSED        [  9%]
tests/test_buff_system.py::TestBuffSystem::test_buff_lifecycle PASSED    [ 10%]
tests/test_buff_system.py::TestBuffSystem::test_combat_handler_applies_buff PASSED [ 10%]
tests/test_buff_system.py::TestBuffSystem::test_combat_skills_generate_buffs PASSED [ 10%]
tests/test_buff_system.py::TestBuffSystem::test_consumable_buff_application PASSED [ 11%]
tests/test_clockwork_halls.py::TestClockworkHalls::test_adventure_events PASSED [ 11%]
tests/test_clockwork_halls.py::TestClockworkHalls::test_emojis_exist PASSED [ 11%]
tests/test_clockwork_halls.py::TestClockworkHalls::test_location_exists PASSED [ 12%]
tests/test_clockwork_halls.py::TestClockworkHalls::test_materials_exist PASSED [ 12%]
tests/test_clockwork_halls.py::TestClockworkHalls::test_monsters_exist PASSED [ 12%]
tests/test_clockwork_halls.py::TestClockworkHalls::test_skills_exist PASSED [ 13%]
tests/test_combat_actions.py::TestCombatActions::test_defend_action PASSED [ 13%]
tests/test_combat_actions.py::TestCombatActions::test_flee_failed_action PASSED [ 13%]
tests/test_combat_actions.py::TestCombatActions::test_special_ability_action PASSED [ 14%]
tests/test_combat_counter.py::TestCombatCounter::test_fail_counter_wrong_action PASSED [ 14%]
tests/test_combat_counter.py::TestCombatCounter::test_interrupt_magical_charge PASSED [ 14%]
tests/test_combat_counter.py::TestCombatCounter::test_parry_physical_charge PASSED [ 14%]
tests/test_combat_crash.py::TestCombatCrash::test_resolve_turn_db_failure PASSED [ 15%]
tests/test_combat_defense_curve.py::TestCombatDefenseCurve::test_crit_multiplier PASSED [ 15%]
tests/test_combat_defense_curve.py::TestCombatDefenseCurve::test_monster_attack_player_defense_scaling PASSED [ 15%]
tests/test_combat_defense_curve.py::TestCombatDefenseCurve::test_monster_chip_damage_floor PASSED [ 16%]
tests/test_combat_defense_curve.py::TestCombatDefenseCurve::test_player_attack_defense_reduction PASSED [ 16%]
tests/test_combat_skill_selection.py::TestCombatSkillSelection::test_explicit_heal_usage PASSED [ 16%]
tests/test_combat_skill_selection.py::TestCombatSkillSelection::test_explicit_skill_usage PASSED [ 17%]
tests/test_combat_skill_selection.py::TestCombatSkillSelection::test_insufficient_mp_fallback PASSED [ 17%]
tests/test_combat_skill_selection.py::TestCombatSkillSelection::test_unknown_skill_fallback PASSED [ 17%]
tests/test_combat_special_exploit.py::TestCombatSpecialExploit::test_aimed_shot_force_crit_bug PASSED [ 18%]
tests/test_consumable_logic.py::TestDualConsumableBug::test_use_dual_item_full_hp_full_mp PASSED [ 18%]
tests/test_consumable_logic.py::TestDualConsumableBug::test_use_dual_item_full_hp_missing_mp PASSED [ 18%]
tests/test_consumable_race.py::TestConsumableRace::test_use_item_consumes_atomically PASSED [ 19%]
tests/test_consumable_race.py::TestConsumableRace::test_use_item_refunds_on_error PASSED [ 19%]
tests/test_content_expansion.py::TestContentExpansion::test_c_tier_quests_loaded PASSED [ 19%]
tests/test_content_expansion.py::TestContentExpansion::test_quest_location_references PASSED [ 19%]
tests/test_content_expansion.py::TestContentExpansion::test_quest_monster_references PASSED [ 20%]
tests/test_content_expansion.py::TestContentExpansion::test_shrouded_fen_location PASSED [ 20%]
tests/test_crafting.py::TestDatabaseEnhancements::test_get_inventory_item_count PASSED [ 20%]
tests/test_crafting.py::TestDatabaseEnhancements::test_remove_inventory_item_fail_insufficient PASSED [ 21%]
tests/test_crafting.py::TestDatabaseEnhancements::test_remove_inventory_item_success PASSED [ 21%]
tests/test_crafting.py::TestCraftingSystem::test_can_craft_success PASSED [ 21%]
tests/test_crafting.py::TestCraftingSystem::test_craft_item_success PASSED [ 22%]
tests/test_crafting.py::TestCraftingSystem::test_get_recipes PASSED      [ 22%]
tests/test_crafting_dismantle.py::TestCraftingDismantle::test_dismantle_item_equipped PASSED [ 22%]
tests/test_crafting_dismantle.py::TestCraftingDismantle::test_dismantle_item_not_equipment PASSED [ 23%]
tests/test_crafting_dismantle.py::TestCraftingDismantle::test_dismantle_item_not_found PASSED [ 23%]
tests/test_crafting_dismantle.py::TestCraftingDismantle::test_dismantle_item_success PASSED [ 23%]
tests/test_crafting_dismantle.py::TestCraftingDismantle::test_get_dismantle_rewards_fallback PASSED [ 23%]
tests/test_crafting_dismantle.py::TestCraftingDismantle::test_get_dismantle_rewards_recipe PASSED [ 24%]
tests/test_crafting_equipment.py::TestCraftingEquipment::test_craft_equipment_missing_material PASSED [ 24%]
tests/test_crafting_equipment.py::TestCraftingEquipment::test_craft_equipment_success PASSED [ 24%]
tests/test_crafting_equipment.py::TestCraftingEquipment::test_recipe_data_integrity PASSED [ 25%]
tests/test_crafting_expanded.py::TestCraftingExpanded::test_crafting_campfire_stew_success PASSED [ 25%]
tests/test_crafting_expanded.py::TestCraftingExpanded::test_crafting_insufficient_materials PASSED [ 25%]
tests/test_crafting_expanded.py::TestCraftingExpanded::test_molten_recipes_exist PASSED [ 26%]
tests/test_crafting_expanded.py::TestCraftingExpanded::test_new_recipes_exist PASSED [ 26%]
tests/test_crafting_experiment.py::TestCraftingExperiment::test_experiment_duplicate_ids PASSED [ 26%]
tests/test_crafting_experiment.py::TestCraftingExperiment::test_experiment_failure_slag PASSED [ 27%]
tests/test_crafting_experiment.py::TestCraftingExperiment::test_experiment_invalid_type PASSED [ 27%]
tests/test_crafting_experiment.py::TestCraftingExperiment::test_experiment_success PASSED [ 27%]
tests/test_crafting_quality.py::TestCraftingQuality::test_craft_item_quality_upgrade PASSED [ 28%]
tests/test_crafting_quality.py::TestCraftingQuality::test_dismantle_upgraded_item PASSED [ 28%]
tests/test_crafting_quality.py::TestCraftingQuality::test_equipment_manager_quality_scaling PASSED [ 28%]
tests/test_crafting_quality.py::TestCraftingQuality::test_roll_quality_cascade PASSED [ 28%]
tests/test_crafting_quality.py::TestCraftingQuality::test_roll_quality_no_upgrade PASSED [ 29%]
tests/test_crafting_quality.py::TestCraftingQuality::test_roll_quality_upgrade PASSED [ 29%]
tests/test_crafting_ui.py::TestCraftingUI::test_category_equipment PASSED [ 29%]
tests/test_crafting_ui.py::TestCraftingUI::test_default_category_consumable PASSED [ 30%]
tests/test_damage_scaling.py::TestDamageScaling::test_dynamic_scaling_factor PASSED [ 30%]
tests/test_damage_scaling.py::TestDamageScaling::test_dynamic_scaling_stat PASSED [ 30%]
tests/test_damage_scaling.py::TestDamageScaling::test_player_heal_max_hp_logic PASSED [ 31%]
tests/test_database.py::TestDatabaseManager::test_add_inventory_item PASSED [ 31%]
tests/test_database.py::TestDatabaseManager::test_add_inventory_item_stacking PASSED [ 31%]
tests/test_database.py::TestDatabaseManager::test_create_player PASSED   [ 32%]
tests/test_database.py::TestDatabaseManager::test_deduct_aurum PASSED    [ 32%]
tests/test_database.py::TestDatabaseManager::test_get_player PASSED      [ 32%]
tests/test_database.py::TestDatabaseManager::test_get_profile_bundle PASSED [ 33%]
tests/test_database.py::TestDatabaseManager::test_update_player_mixed PASSED [ 33%]
tests/test_database.py::TestDatabaseManager::test_update_player_stats PASSED [ 33%]
tests/test_database_aggregation.py::TestDatabaseAggregation::test_get_combat_context_bundle_query_count PASSED [ 33%]
tests/test_database_optimization.py::TestDatabaseOptimization::test_get_combat_context_bundle_optimization PASSED [ 34%]
tests/test_database_optimization.py::TestDatabaseOptimization::test_get_combat_skills_optimization PASSED [ 34%]
tests/test_database_optimization.py::TestDatabaseOptimization::test_get_player_skills_optimization PASSED [ 34%]
tests/test_day_night.py::TestDayNightCycle::test_day_encounter PASSED    [ 35%]
tests/test_day_night.py::TestDayNightCycle::test_night_encounter PASSED  [ 35%]
tests/test_day_night.py::TestDayNightCycle::test_night_encounter_fallback PASSED [ 35%]
tests/test_db_purchase.py::TestShopTransactionFailure::test_purchase_item_refunds_on_inventory_failure PASSED [ 36%]
tests/test_db_titles.py::TestDatabaseTitles::test_add_title PASSED       [ 36%]
tests/test_db_titles.py::TestDatabaseTitles::test_get_active_title PASSED [ 36%]
tests/test_db_titles.py::TestDatabaseTitles::test_get_titles PASSED      [ 37%]
tests/test_db_titles.py::TestDatabaseTitles::test_get_titles_none PASSED [ 37%]
tests/test_db_titles.py::TestDatabaseTitles::test_set_active_title_fail_ownership PASSED [ 37%]
tests/test_db_titles.py::TestDatabaseTitles::test_set_active_title_none PASSED [ 38%]
tests/test_db_titles.py::TestDatabaseTitles::test_set_active_title_success PASSED [ 38%]
tests/test_depthswarden_content.py::TestDepthsWardenContent::test_monster_skills PASSED [ 38%]
tests/test_depthswarden_content.py::TestDepthsWardenContent::test_new_materials_exist PASSED [ 38%]
tests/test_depthswarden_content.py::TestDepthsWardenContent::test_new_monsters_exist PASSED [ 39%]
tests/test_depthswarden_content.py::TestDepthsWardenContent::test_void_sanctum_exists PASSED [ 39%]
tests/test_dos_prevention.py::TestDoSPrevention::test_huge_payload_stance_rejected PASSED [ 39%]
tests/test_elemental_surge_event.py::TestElementalSurgeEvent::test_elemental_surge_drops_mote PASSED [ 40%]
tests/test_elemental_surge_event.py::TestElementalSurgeEvent::test_no_event_no_mote PASSED [ 40%]
tests/test_equipment_race.py::TestEquipmentRaceMock::test_race_condition PASSED [ 40%]
tests/test_equipment_restrictions.py::TestEquipmentRestrictions::test_check_requirements_level PASSED [ 41%]
tests/test_equipment_restrictions.py::TestEquipmentRestrictions::test_check_requirements_rank PASSED [ 41%]
tests/test_equipment_restrictions.py::TestEquipmentRestrictions::test_equip_item_restriction PASSED [ 41%]
tests/test_equipment_restrictions.py::TestEquipmentRestrictions::test_inventory_view_ui_logic PASSED [ 42%]
tests/test_equipment_slots.py::TestEquipmentSlots::test_orb_unequips_staff PASSED [ 42%]
tests/test_equipment_slots.py::TestEquipmentSlots::test_staff_unequips_wand_and_orb PASSED [ 42%]
tests/test_equipment_slots.py::TestEquipmentSlots::test_wand_and_orb_coexist PASSED [ 42%]
tests/test_equipment_slots.py::TestEquipmentSlots::test_wand_unequips_staff PASSED [ 43%]
tests/test_equipment_stack_split.py::TestStackEquipBug::test_equip_stack_bug PASSED [ 43%]
tests/test_exploration_achievements.py::TestExplorationAchievements::test_achievement_system_logic PASSED [ 43%]
tests/test_exploration_achievements.py::TestExplorationAchievements::test_end_adventure_awards_achievement PASSED [ 44%]
tests/test_exploration_events.py::TestExplorationEvents::test_ancient_shrine_event PASSED [ 44%]
tests/test_exploration_events.py::TestExplorationEvents::test_hidden_stash_event PASSED [ 44%]
tests/test_exploration_events.py::TestExplorationEvents::test_safe_room_event PASSED [ 45%]
tests/test_exploration_events.py::TestExplorationEvents::test_trap_event_damage PASSED [ 45%]
tests/test_exploration_events.py::TestExplorationEvents::test_trap_event_dead PASSED [ 45%]
tests/test_exploration_events.py::TestExplorationEvents::test_unknown_event PASSED [ 46%]
tests/test_exploration_feedback.py::TestExplorationFeedback::test_feedback_combat PASSED [ 46%]
tests/test_exploration_feedback.py::TestExplorationFeedback::test_feedback_exploration PASSED [ 46%]
tests/test_exploration_view_ux.py::TestExplorationViewUX::test_battle_state PASSED [ 47%]
tests/test_exploration_view_ux.py::TestExplorationViewUX::test_battle_state_with_skills PASSED [ 47%]
tests/test_exploration_view_ux.py::TestExplorationViewUX::test_forward_button_danger PASSED [ 47%]
tests/test_exploration_view_ux.py::TestExplorationViewUX::test_forward_button_safe PASSED [ 47%]
tests/test_faction_system.py::TestFactionSystem::test_add_reputation_rank_up PASSED [ 48%]
tests/test_faction_system.py::TestFactionSystem::test_add_reputation_simple PASSED [ 48%]
tests/test_faction_system.py::TestFactionSystem::test_grant_reputation_for_adventure PASSED [ 48%]
tests/test_faction_system.py::TestFactionSystem::test_grant_reputation_for_kill PASSED [ 49%]
tests/test_faction_system.py::TestFactionSystem::test_join_faction_already_member PASSED [ 49%]
tests/test_faction_system.py::TestFactionSystem::test_join_faction_invalid_id PASSED [ 49%]
tests/test_faction_system.py::TestFactionSystem::test_join_faction_success PASSED [ 50%]
tests/test_faction_system.py::TestFactionSystem::test_leave_faction PASSED [ 50%]
tests/test_game_systems.py::TestGameSystems::test_adventure_mp_persistence PASSED [ 50%]
tests/test_game_systems.py::TestGameSystems::test_combat_system PASSED   [ 51%]
tests/test_game_systems.py::TestGameSystems::test_damage_formulas PASSED [ 51%]
tests/test_game_systems.py::TestGameSystems::test_inventory_system PASSED [ 51%]
tests/test_game_systems.py::TestGameSystems::test_level_up_system PASSED [ 52%]
tests/test_game_systems.py::TestGameSystems::test_player_stats PASSED    [ 52%]
tests/test_game_systems.py::TestGameSystems::test_tiered_bonus_calculation PASSED [ 52%]
tests/test_guild_advisor.py::TestGuildAdvisor::test_generic_fallback PASSED [ 52%]
tests/test_guild_advisor.py::TestGuildAdvisor::test_low_hp_advice PASSED [ 53%]
tests/test_guild_advisor.py::TestGuildAdvisor::test_no_active_quests PASSED [ 53%]
tests/test_guild_advisor.py::TestGuildAdvisor::test_no_quests_completed PASSED [ 53%]
tests/test_guild_advisor.py::TestGuildAdvisor::test_rich_but_unarmed PASSED [ 54%]
tests/test_harvest_event.py::TestHarvestEvent::test_harvest_atmosphere PASSED [ 54%]
tests/test_harvest_event.py::TestHarvestEvent::test_harvest_event_config PASSED [ 54%]
tests/test_harvest_event.py::TestHarvestEvent::test_wild_gathering_boost PASSED [ 55%]
tests/test_harvest_event.py::TestHarvestEvent::test_wild_gathering_no_boost PASSED [ 55%]
tests/test_hp_overflow.py::TestHPOverflow::test_hp_clamp_on_unequip PASSED [ 55%]
tests/test_infirmary_exploit.py::TestInfirmaryFix::test_hp_restore_cost PASSED [ 56%]
tests/test_infirmary_exploit.py::TestInfirmaryFix::test_mp_restore_cost PASSED [ 56%]
tests/test_infirmary_fallback.py::TestInfirmaryFallbackExploit::test_fallback_vulnerability PASSED [ 56%]
tests/test_infirmary_race.py::TestInfirmaryRace::test_execute_heal_handles_race_condition PASSED [ 57%]
tests/test_infirmary_race.py::TestInfirmaryRace::test_execute_heal_uses_atomic_inc PASSED [ 57%]
tests/test_infirmary_security.py::TestInfirmaryStateIssue::test_stale_stats_healing PASSED [ 57%]
tests/test_inventory_capacity.py::TestInventoryCapacity::test_capacity_scaling PASSED [ 57%]
tests/test_inventory_capacity.py::TestInventoryCapacity::test_db_integration PASSED [ 58%]
tests/test_inventory_filtering.py::TestInventoryFiltering::test_filter_all PASSED [ 58%]
tests/test_inventory_filtering.py::TestInventoryFiltering::test_filter_consumables PASSED [ 58%]
tests/test_inventory_filtering.py::TestInventoryFiltering::test_filter_weapons PASSED [ 59%]
tests/test_inventory_filtering.py::TestInventoryFiltering::test_greyed_out_logic_persists PASSED [ 59%]
tests/test_level_curve.py::TestLevelCurve::test_xp_curve_values PASSED   [ 59%]
tests/test_lobby_view.py::TestGuildLobbyView::test_advisor_button_logic PASSED [ 60%]
tests/test_loot_calculator.py::TestLootCalculator::test_calculate_drop_chance_boost PASSED [ 60%]
tests/test_loot_calculator.py::TestLootCalculator::test_calculate_drop_chance_common PASSED [ 60%]
tests/test_loot_calculator.py::TestLootCalculator::test_calculate_drop_chance_epic PASSED [ 61%]
tests/test_loot_calculator.py::TestLootCalculator::test_calculate_drop_chance_max_luck PASSED [ 61%]
tests/test_loot_calculator.py::TestLootCalculator::test_cap_at_100 PASSED [ 61%]
tests/test_loot_calculator.py::TestLootCalculator::test_roll_drops_failure PASSED [ 61%]
tests/test_loot_calculator.py::TestLootCalculator::test_roll_drops_success PASSED [ 62%]
tests/test_material_refinement.py::TestMaterialRefinement::test_craft_iron_dirk_with_ingots PASSED [ 62%]
tests/test_material_refinement.py::TestMaterialRefinement::test_insufficient_materials_for_refinement PASSED [ 62%]
tests/test_material_refinement.py::TestMaterialRefinement::test_refine_iron_ingot PASSED [ 63%]
tests/test_molten_caldera.py::TestMoltenCaldera::test_adventure_events PASSED [ 63%]
tests/test_molten_caldera.py::TestMoltenCaldera::test_emojis_exist PASSED [ 63%]
tests/test_molten_caldera.py::TestMoltenCaldera::test_location_exists PASSED [ 64%]
tests/test_molten_caldera.py::TestMoltenCaldera::test_materials_exist PASSED [ 64%]
tests/test_molten_caldera.py::TestMoltenCaldera::test_monsters_exist PASSED [ 64%]
tests/test_monster_achievements.py::TestMonsterAchievements::test_check_group_achievements_goblin_bane PASSED [ 65%]
tests/test_monster_achievements.py::TestMonsterAchievements::test_check_group_achievements_multiple_groups PASSED [ 65%]
tests/test_monster_achievements.py::TestMonsterAchievements::test_check_group_achievements_no_milestone PASSED [ 65%]
tests/test_monster_data.py::TestMonsterData::test_drops_conversion PASSED [ 66%]
tests/test_monster_data.py::TestMonsterData::test_monster_structure PASSED [ 66%]
tests/test_monster_data.py::TestMonsterData::test_monsters_loaded PASSED [ 66%]
tests/test_monster_data.py::TestMonsterData::test_skills_rehydration PASSED [ 66%]
tests/test_narrative_embeds.py::TestNarrativeEmbeds::test_build_summary_embed_level_up PASSED [ 67%]
tests/test_narrative_embeds.py::TestNarrativeEmbeds::test_build_summary_embed_location_flavor PASSED [ 67%]
tests/test_narrative_embeds.py::TestNarrativeEmbeds::test_build_summary_embed_unknown_location PASSED [ 67%]
tests/test_onboarding_ux.py::TestOnboardingUX::test_combat_tutorial_flow PASSED [ 68%]
tests/test_onboarding_ux.py::TestOnboardingUX::test_guild_welcome_view_init PASSED [ 68%]
tests/test_optimistic_locking.py::TestOptimisticLocking::test_upgrade_insufficient_funds PASSED [ 68%]
tests/test_optimistic_locking.py::TestOptimisticLocking::test_upgrade_race_condition PASSED [ 69%]
tests/test_optimistic_locking.py::TestOptimisticLocking::test_upgrade_success PASSED [ 69%]
tests/test_progression_scaling.py::test_calculate_practice_threshold PASSED [ 69%]
tests/test_progression_scaling.py::test_practice_growth_single_level PASSED [ 70%]
tests/test_progression_scaling.py::test_practice_growth_multi_level PASSED [ 70%]
tests/test_quest_security.py::TestQuestSecurity::test_accept_quest_bypass_prevention PASSED [ 70%]
tests/test_quest_security.py::TestQuestSecurity::test_complete_quest_malformed_rewards PASSED [ 71%]
tests/test_quest_ux.py::TestQuestTurnInUX::test_turn_in_with_incomplete_quests PASSED [ 71%]
tests/test_race_condition.py::TestRaceCondition::test_learn_skill_concurrent_duplicate_refunds_vestige PASSED [ 71%]
tests/test_race_condition.py::TestRaceCondition::test_upgrade_skill_concurrent_failure_refunds_vestige PASSED [ 71%]
tests/test_rank_system.py::TestRankSystem::test_rank_b_requirements PASSED [ 72%]
tests/test_rank_system.py::TestRankSystem::test_rank_d_requirements PASSED [ 72%]
tests/test_rank_system.py::TestRankSystem::test_rank_e_requirements PASSED [ 72%]
tests/test_rank_system.py::TestRankSystem::test_rank_f_requirements PASSED [ 73%]
tests/test_realism_inventory.py::TestRealismInventory::test_add_items_bulk_limit PASSED [ 73%]
tests/test_realism_inventory.py::TestRealismInventory::test_inventory_limit_logic PASSED [ 73%]
tests/test_realism_inventory.py::TestRealismInventory::test_purchase_item_full PASSED [ 74%]
tests/test_regen_formula.py::TestRegenFormula::test_regeneration_scaling PASSED [ 74%]
tests/test_scavenge_mechanic.py::TestDeadTurns::test_direct_wild_gather_scavenge PASSED [ 74%]
tests/test_scavenge_mechanic.py::TestDeadTurns::test_full_rest_prevention PASSED [ 75%]
tests/test_scavenge_mechanic.py::TestDeadTurns::test_scavenge_fallback_on_failed_gather PASSED [ 75%]
tests/test_security.py::TestSecurity::test_link_sanitization PASSED      [ 75%]
tests/test_security.py::TestSecurity::test_markdown_sanitization PASSED  [ 76%]
tests/test_security.py::TestSecurity::test_zalgo_and_length PASSED       [ 76%]
tests/test_security_developer.py::TestSecurityDeveloper::test_dev_panel_access_denied_for_non_owner PASSED [ 76%]
tests/test_security_developer.py::TestSecurityDeveloper::test_dev_panel_access_granted_for_owner PASSED [ 76%]
tests/test_security_exchange.py::TestGuildExchangeSecurity::test_exchange_all_materials_race_condition_fix PASSED [ 77%]
tests/test_security_shop.py::TestSecurityShop::test_shop_callback_validation_failure_empty PASSED [ 77%]
tests/test_security_shop.py::TestSecurityShop::test_shop_callback_validation_failure_malformed PASSED [ 77%]
tests/test_security_shop.py::TestSecurityShop::test_shop_callback_validation_success PASSED [ 78%]
tests/test_shop_integration.py::TestShopViewIntegration::test_shop_view_calls_purchase_item_success PASSED [ 78%]
tests/test_shop_integration.py::TestShopViewIntegration::test_shop_view_handles_insufficient_funds PASSED [ 78%]
tests/test_shop_stale_state.py::TestShopStaleState::test_stale_state_on_purchase_failure PASSED [ 79%]
tests/test_skill_achievements.py::TestSkillAchievements::test_mixed_achievements PASSED [ 79%]
tests/test_skill_achievements.py::TestSkillAchievements::test_no_new_achievement PASSED [ 79%]
tests/test_skill_achievements.py::TestSkillAchievements::test_skill_count_achievement_scholar PASSED [ 80%]
tests/test_skill_achievements.py::TestSkillAchievements::test_skill_count_achievement_student PASSED [ 80%]
tests/test_skill_achievements.py::TestSkillAchievements::test_skill_level_achievement_virtuoso PASSED [ 80%]
tests/test_skill_exploit.py::TestSkillExploit::test_exploit_learn_free_skill PASSED [ 80%]
tests/test_skill_exploit.py::TestSkillExploit::test_exploit_upgrade_free_skill PASSED [ 81%]
tests/test_skill_upgrade_cost.py::TestSkillUpgradeCost::test_upgrade_cost_calculation PASSED [ 81%]
tests/test_stack_limits.py::TestStackLimits::test_bulk_add_distribution PASSED [ 81%]
tests/test_stack_limits.py::TestStackLimits::test_consumable_overflow_creates_new_stack PASSED [ 82%]
tests/test_stack_limits.py::TestStackLimits::test_equipment_no_stack PASSED [ 82%]
tests/test_stack_limits.py::TestStackLimits::test_fill_existing_stack_then_overflow PASSED [ 82%]
tests/test_stack_limits.py::TestStackLimits::test_inventory_full_on_overflow PASSED [ 83%]
tests/test_stat_duplication.py::TestStatDuplication::test_recalculate_stats_duplication PASSED [ 83%]
tests/test_stat_xp_refinement.py::TestStatXPRefinement::test_dynamic_damage_tagging PASSED [ 83%]
tests/test_stat_xp_refinement.py::TestStatXPRefinement::test_endurance_xp_formula PASSED [ 84%]
tests/test_stat_xp_refinement.py::TestStatXPRefinement::test_hits_taken_ignored_on_dodge PASSED [ 84%]
tests/test_stat_xp_refinement.py::TestStatXPRefinement::test_hits_taken_tracking PASSED [ 84%]
tests/test_stat_xp_refinement.py::TestStatXPRefinement::test_luck_xp_formula PASSED [ 85%]
tests/test_sunken_grotto.py::TestSunkenGrotto::test_adventure_events PASSED [ 85%]
tests/test_sunken_grotto.py::TestSunkenGrotto::test_emojis_exist PASSED  [ 85%]
tests/test_sunken_grotto.py::TestSunkenGrotto::test_location_exists PASSED [ 85%]
tests/test_sunken_grotto.py::TestSunkenGrotto::test_materials_exist PASSED [ 86%]
tests/test_sunken_grotto.py::TestSunkenGrotto::test_monsters_exist PASSED [ 86%]
tests/test_sunken_grotto.py::TestSunkenGrotto::test_skills_exist PASSED  [ 86%]
tests/test_sunken_grotto_quests.py::TestSunkenGrottoQuests::test_new_quests_exist PASSED [ 87%]
tests/test_sunken_grotto_quests.py::TestSunkenGrottoQuests::test_quest_details PASSED [ 87%]
tests/test_sync_logic.py::test_sync_logic PASSED                         [ 87%]
tests/test_telegraph_mechanic.py::TestTelegraphMechanic::test_monster_ai_telegraph_chance PASSED [ 88%]
tests/test_telegraph_mechanic.py::TestTelegraphMechanic::test_telegraph_execution_flow PASSED [ 88%]
tests/test_tournament_caching.py::TestTournamentCaching::test_cache_expiration PASSED [ 88%]
tests/test_tournament_caching.py::TestTournamentCaching::test_invalidation_create PASSED [ 89%]
tests/test_tournament_caching.py::TestTournamentCaching::test_invalidation_end PASSED [ 89%]
tests/test_tournament_caching.py::TestTournamentCaching::test_return_copy PASSED [ 89%]
tests/test_tournament_caching.py::TestTournamentCaching::test_tournament_caching PASSED [ 90%]
tests/test_tournament_system.py::TestTournamentSystem::test_end_current_tournament_distributes_rewards PASSED [ 90%]
tests/test_tournament_system.py::TestTournamentSystem::test_record_action_ignores_mismatch PASSED [ 90%]
tests/test_tournament_system.py::TestTournamentSystem::test_record_action_updates_score PASSED [ 90%]
tests/test_tournament_system.py::TestTournamentSystem::test_start_weekly_tournament_creates_new PASSED [ 91%]
tests/test_tournament_system.py::TestTournamentSystem::test_start_weekly_tournament_returns_existing PASSED [ 91%]
tests/test_ui_helpers.py::TestUIHelpers::test_inventory_embed_categorization PASSED [ 91%]
tests/test_ui_helpers.py::TestUIHelpers::test_inventory_embed_unequipped PASSED [ 92%]
tests/test_ui_helpers.py::TestUIHelpers::test_progress_bar_logic PASSED  [ 92%]
tests/test_ui_validation.py::TestUIValidation::test_custom_message PASSED [ 92%]
tests/test_ui_validation.py::TestUIValidation::test_player_found PASSED  [ 93%]
tests/test_ui_validation.py::TestUIValidation::test_player_not_found_deferred PASSED [ 93%]
tests/test_ui_validation.py::TestUIValidation::test_player_not_found_not_deferred PASSED [ 93%]
tests/test_vitals_concurrency.py::TestHealRaceCondition::test_heal_overwritten_by_adventure PASSED [ 94%]
tests/test_vp_cost_curve.py::TestVPCostCurve::test_cost_curve_exponential PASSED [ 94%]
tests/test_vp_cost_curve.py::TestVPCostCurve::test_luck_cost_curve PASSED [ 94%]
tests/test_weather_system.py::TestWeatherSystem::test_weather_enum_exists PASSED [ 95%]
tests/test_weather_system.py::TestWeatherSystem::test_get_current_weather_deterministic PASSED [ 95%]
tests/test_weather_system.py::TestWeatherSystem::test_get_current_weather_varies_by_location PASSED [ 95%]
tests/test_weather_system.py::TestWeatherSystem::test_get_current_weather_varies_by_hour PASSED [ 95%]
tests/test_weather_system.py::TestWeatherSystem::test_molten_caldera_weather_restrictions PASSED [ 96%]
tests/test_weather_system.py::TestWeatherSystem::test_weather_flavor PASSED [ 96%]
tests/test_wild_gathering.py::TestWildGathering::test_adventure_session_integration PASSED [ 96%]
tests/test_wild_gathering.py::TestWildGathering::test_wild_gathering_no_gatherables PASSED [ 97%]
tests/test_wild_gathering.py::TestWildGathering::test_wild_gathering_trigger_with_location PASSED [ 97%]
tests/test_world_events.py::TestWorldEventSystem::test_get_current_event_active PASSED [ 97%]
tests/test_world_events.py::TestWorldEventSystem::test_get_current_event_expired PASSED [ 98%]
tests/test_world_events.py::TestWorldEventSystem::test_get_modifiers PASSED [ 98%]
tests/test_world_events.py::TestWorldEventSystem::test_start_event PASSED [ 98%]
tests/test_world_events_caching.py::TestWorldEventCaching::test_cache_expiration PASSED [ 99%]
tests/test_world_events_caching.py::TestWorldEventCaching::test_invalidation_on_set PASSED [ 99%]
tests/test_world_events_caching.py::TestWorldEventCaching::test_return_copy PASSED [ 99%]
tests/test_world_events_caching.py::TestWorldEventCaching::test_world_event_caching PASSED [100%]

================================ tests coverage ================================
_______________ coverage: platform linux, python 3.12.12-final-0 _______________

Name                                             Stmts   Miss  Cover
--------------------------------------------------------------------
cogs/__init__.py                                     0      0   100%
cogs/adventure_cog.py                               13     13     0%
cogs/character_cog.py                               11     11     0%
cogs/chronicle_cog.py                               62     62     0%
cogs/developer_cog.py                              134     68    49%
cogs/event_cog.py                                   89     89     0%
cogs/faction_cog.py                                 49     49     0%
cogs/general_cog.py                                 20     20     0%
cogs/guild_hub_cog.py                               15     15     0%
cogs/infirmary_cog.py                               98     44    55%
cogs/onboarding_cog.py                             182     85    53%
cogs/quest_hub_cog.py                              206    173    16%
cogs/shop_cog.py                                    97     16    84%
cogs/skill_trainer_cog.py                          141     28    80%
cogs/status_update_cog.py                          151     49    68%
cogs/tournament_cog.py                             104    104     0%
cogs/ui_helpers.py                                 148     75    49%
database/__init__.py                                 0      0   100%
database/create_database.py                         57     57     0%
database/database_manager.py                       754    291    61%
database/populate_database.py                      138    138     0%
game_systems/__init__.py                             0      0   100%
game_systems/achievement_system.py                 145     25    83%
game_systems/adventure/adventure_events.py         140     31    78%
game_systems/adventure/adventure_manager.py        176     35    80%
game_systems/adventure/adventure_rewards.py        228     43    81%
game_systems/adventure/adventure_session.py        284    104    63%
game_systems/adventure/combat_handler.py           133     46    65%
game_systems/adventure/event_handler.py            137     35    74%
game_systems/adventure/exploration_events.py        77      9    88%
game_systems/adventure/ui/__init__.py                0      0   100%
game_systems/adventure/ui/adventure_embeds.py       93     16    83%
game_systems/adventure/ui/exploration_view.py      204     70    66%
game_systems/character/ui/adventure_menu.py         79     50    37%
game_systems/character/ui/inventory_view.py        158     45    72%
game_systems/combat/__init__.py                      0      0   100%
game_systems/combat/combat_engine.py               323    101    69%
game_systems/combat/combat_phrases.py              141     36    74%
game_systems/combat/damage_formula.py              119     14    88%
game_systems/crafting/crafting_system.py           186     28    85%
game_systems/crafting/ui/crafting_view.py          170     95    44%
game_systems/crafting/ui/experiment_view.py         75     60    20%
game_systems/data/__init__.py                        0      0   100%
game_systems/data/adventure_locations.py             1      0   100%
game_systems/data/class_data.py                      1      0   100%
game_systems/data/class_equipments.py               35     35     0%
game_systems/data/consumables.py                    30     10    67%
game_systems/data/crafting_recipes.py                1      0   100%
game_systems/data/emojis.py                         66      1    98%
game_systems/data/equipments.py                     47     20    57%
game_systems/data/factions.py                        1      0   100%
game_systems/data/materials.py                       1      0   100%
game_systems/data/messages.py                        3      0   100%
game_systems/data/monsters.py                       35      9    74%
game_systems/data/narrative_data.py                  2      0   100%
game_systems/data/quest_data.py                     26      6    77%
game_systems/data/quest_items.py                     1      1     0%
game_systems/data/recipes.py                         2      0   100%
game_systems/data/skills_data.py                     1      0   100%
game_systems/data/stat_descriptions.py               1      1     0%
game_systems/events/__init__.py                      0      0   100%
game_systems/events/world_event_system.py           49      6    88%
game_systems/guild_system/__init__.py                0      0   100%
game_systems/guild_system/advisor.py                33      0   100%
game_systems/guild_system/faction_system.py        122     20    84%
game_systems/guild_system/guild_exchange.py         42     17    60%
game_systems/guild_system/quest_system.py          166    123    26%
game_systems/guild_system/rank_system.py            30      9    70%
game_systems/guild_system/reward_system.py          63     46    27%
game_systems/guild_system/tournament_system.py      75     18    76%
game_systems/guild_system/ui/components.py          56     15    73%
game_systems/guild_system/ui/lobby_view.py          36     13    64%
game_systems/guild_system/ui/quests_menu.py        113     57    50%
game_systems/guild_system/ui/rank_view.py          113     97    14%
game_systems/items/__init__.py                       0      0   100%
game_systems/items/consumable_manager.py            87     10    89%
game_systems/items/equipment_manager.py            215     57    73%
game_systems/items/inventory_manager.py             41     16    61%
game_systems/items/item_manager.py                  91     52    43%
game_systems/monsters/__init__.py                    0      0   100%
game_systems/monsters/monster_actions.py            75     37    51%
game_systems/monsters/monster_skills.py              1      0   100%
game_systems/player/__init__.py                      0      0   100%
game_systems/player/level_up.py                     31      7    77%
game_systems/player/player_creator.py               34      6    82%
game_systems/player/player_stats.py                100      9    91%
game_systems/rewards/__init__.py                     0      0   100%
game_systems/rewards/aurum_calculator.py            11      0   100%
game_systems/rewards/exp_calculator.py              16      3    81%
game_systems/rewards/loot_calculator.py             21      0   100%
game_systems/world_time.py                          70     13    81%
main.py                                             94     38    60%
tests/conftest.py                                  125     32    74%
tests/test_achievement_logic.py                     38      1    97%
tests/test_adventure_day_night.py                   87      6    93%
tests/test_adventure_death_penalty.py               53      3    94%
tests/test_adventure_embeds.py                      45      1    98%
tests/test_adventure_race.py                        66      1    98%
tests/test_adventure_rewards.py                    104      2    98%
tests/test_adventure_safety.py                      66      4    94%
tests/test_adventure_schema_update.py               39      1    97%
tests/test_adventure_session_concurrency.py        104      8    92%
tests/test_adventure_ux.py                          77      6    92%
tests/test_armor_slots.py                           57      1    98%
tests/test_aurum_drops.py                           47      1    98%
tests/test_buff_system.py                           81      1    99%
tests/test_clockwork_halls.py                       51      1    98%
tests/test_combat_actions.py                        66      1    98%
tests/test_combat_counter.py                        43      1    98%
tests/test_combat_crash.py                          32      6    81%
tests/test_combat_defense_curve.py                  44      1    98%
tests/test_combat_skill_selection.py                67      1    99%
tests/test_combat_special_exploit.py                32      1    97%
tests/test_consumable_logic.py                      54      2    96%
tests/test_consumable_race.py                       43      1    98%
tests/test_content_expansion.py                     38      1    97%
tests/test_crafting.py                              62      1    98%
tests/test_crafting_dismantle.py                    54      1    98%
tests/test_crafting_equipment.py                    53      3    94%
tests/test_crafting_expanded.py                     66      1    98%
tests/test_crafting_experiment.py                   44      1    98%
tests/test_crafting_quality.py                      70      1    99%
tests/test_crafting_ui.py                          102      2    98%
tests/test_damage_scaling.py                        41      1    98%
tests/test_database.py                              85      6    93%
tests/test_database_aggregation.py                  75      1    99%
tests/test_database_optimization.py                 58      2    97%
tests/test_day_night.py                             52      7    87%
tests/test_db_purchase.py                           66      5    92%
tests/test_db_titles.py                             71      1    99%
tests/test_depthswarden_content.py                  36      1    97%
tests/test_dos_prevention.py                        97      1    99%
tests/test_elemental_surge_event.py                 66      1    98%
tests/test_equipment_race.py                       106     24    77%
tests/test_equipment_restrictions.py                94      0   100%
tests/test_equipment_slots.py                       63      1    98%
tests/test_equipment_stack_split.py                 38      1    97%
tests/test_exploration_achievements.py              46      1    98%
tests/test_exploration_events.py                    54      1    98%
tests/test_exploration_feedback.py                 109      0   100%
tests/test_exploration_view_ux.py                  123      2    98%
tests/test_faction_system.py                        56      1    98%
tests/test_game_systems.py                         146      1    99%
tests/test_guild_advisor.py                         67      2    97%
tests/test_harvest_event.py                         59      1    98%
tests/test_hp_overflow.py                           87     11    87%
tests/test_infirmary_exploit.py                     51      2    96%
tests/test_infirmary_fallback.py                    60      3    95%
tests/test_infirmary_race.py                        38      1    97%
tests/test_infirmary_security.py                    67      3    96%
tests/test_inventory_capacity.py                    31      1    97%
tests/test_inventory_filtering.py                   95      8    92%
tests/test_level_curve.py                           23      1    96%
tests/test_lobby_view.py                            55      2    96%
tests/test_loot_calculator.py                       59      1    98%
tests/test_material_refinement.py                   56      3    95%
tests/test_molten_caldera.py                        34      1    97%
tests/test_monster_achievements.py                  33      1    97%
tests/test_monster_data.py                          42      4    90%
tests/test_narrative_embeds.py                      65      1    98%
tests/test_onboarding_ux.py                         65      2    97%
tests/test_optimistic_locking.py                    68      2    97%
tests/test_progression_scaling.py                   47      1    98%
tests/test_quest_security.py                        51      4    92%
tests/test_quest_ux.py                              51      1    98%
tests/test_race_condition.py                        62      1    98%
tests/test_rank_system.py                           39      1    97%
tests/test_realism_inventory.py                     64      2    97%
tests/test_regen_formula.py                         36      1    97%
tests/test_scavenge_mechanic.py                     52      1    98%
tests/test_security.py                              82     19    77%
tests/test_security_developer.py                    79     10    87%
tests/test_security_exchange.py                     41      1    98%
tests/test_security_shop.py                         87      5    94%
tests/test_shop_integration.py                      54      3    94%
tests/test_shop_stale_state.py                      44      2    95%
tests/test_skill_achievements.py                    62      1    98%
tests/test_skill_exploit.py                        112      4    96%
tests/test_skill_upgrade_cost.py                    66      2    97%
tests/test_stack_limits.py                          98      2    98%
tests/test_stat_duplication.py                      27      1    96%
tests/test_stat_xp_refinement.py                    65      0   100%
tests/test_sunken_grotto.py                         48      1    98%
tests/test_sunken_grotto_quests.py                  38      2    95%
tests/test_sync_logic.py                            77      4    95%
tests/test_telegraph_mechanic.py                    54      1    98%
tests/test_tournament_caching.py                    78      1    99%
tests/test_tournament_system.py                     50      1    98%
tests/test_ui_helpers.py                            61      4    93%
tests/test_ui_validation.py                         55      1    98%
tests/test_vitals_concurrency.py                    64      4    94%
tests/test_vp_cost_curve.py                         60      1    98%
tests/test_weather_system.py                        44      0   100%
tests/test_wild_gathering.py                        51      1    98%
tests/test_world_events.py                          45      1    98%
tests/test_world_events_caching.py                  67      1    99%
--------------------------------------------------------------------
TOTAL                                            13834   3269    76%
============================= 321 passed in 9.12s ==============================
